INFO:root:C:/Users/hwn6193/OneDrive - Takeda
INFO:root:Looking for files with extension(s): ('.doc', '.docx')...
INFO:root:
Processing C:/Users/hwn6193/OneDrive - Takeda\0.12 AAV Platform Time Capsule\01. Development & Qualification Reports\DMD-208429_Clone history of PMCB01_CJ18-016 and PMCB02_CJ18-017_ dev and QC testing GTV0115T01.docx...
INFO:root:Replacements:
  {' ': 0, '  ': 1, '    ': 0, '     ': 0, 'AAV8-B.00': 0, 'AAV8-A.00': 4, 'AAV8-B2.00': 0, 'AAV8-B2.01': 0, 'AAV9-N.00': 1, 'AAV3b-V.00': 9, 'AAV8-A2.00': 0, 'AAV6-CT.00': 0, 'AAV8-R.00': 0, 'AAV8-R.01': 0, 'AAV8.PV27-B2.00': 0, 'AAV5-B2.01': 0, 'AAV9.C5-X.P12': 0, 'AAV9.C5-X.P13': 0, 'AAV9.C5-X.P9': 0, 'AAV9.C5-X.P2': 0, 'AAV9-X.P9': 0, 'AAV9-Y.00': 0, 'AAV9-Y.01': 0, 'AAV9-Y.02': 0, 'AAV9-Y.03': 0, 'AAV8-Y.00': 0, 'AAV9-P.00': 0, 'AAV9-P.01': 0, 'AAV9-E.00': 0, 'AAV6-E.00': 0, 'AAVX-E.00': 0, 'AAV.KiT4-E.00': 0, 'AAV9-E.01': 0, 'AAV9-R2.00': 0, 'AAV9-R2.01': 0, 'AAV9-R2.02': 0, 'AAV9-R2.03': 0, 'AAV9-R2.04': 0, 'Document': 10}
INFO:root:New docx file saved to C:\Users\hwn6193\OneDrive - Takeda_N-e-W_\0.12 AAV Platform Time Capsule\01. Development & Qualification Reports\DMD-208429_Clone history of PMCB01_CJ18-016 and PMCB02_CJ18-017_ dev and QC testing GTV0115T01.docx
INFO:root:
Processing C:/Users/hwn6193/OneDrive - Takeda\0.12 AAV Platform Time Capsule\01. Development & Qualification Reports\DMD-212162_SHP648 FIX Gene Therapy - Stability evaluation of SHP648 BDS.docx...
ERROR:root:list index out of range in C:/Users/hwn6193/OneDrive - Takeda\0.12 AAV Platform Time Capsule\01. Development & Qualification Reports\DMD-212162_SHP648 FIX Gene Therapy - Stability evaluation of SHP648 BDS.docx
INFO:root:
Processing C:/Users/hwn6193/OneDrive - Takeda\0.12 AAV Platform Time Capsule\01. Development & Qualification Reports\DMD-213082_SHP686 EXTRACTABLE VOLUMES AS WELL AS MATERIAL LOSSES ON SYRINGES AND NEEDLES.docx...
INFO:root:Replacements:
  {' ': 0, '  ': 0, '    ': 2, '     ': 0, 'AAV8-B.00': 0, 'AAV8-A.00': 10, 'AAV8-B2.00': 0, 'AAV8-B2.01': 0, 'AAV9-N.00': 23, 'AAV3b-V.00': 0, 'AAV8-A2.00': 0, 'AAV6-CT.00': 0, 'AAV8-R.00': 0, 'AAV8-R.01': 0, 'AAV8.PV27-B2.00': 0, 'AAV5-B2.01': 0, 'AAV9.C5-X.P12': 0, 'AAV9.C5-X.P13': 0, 'AAV9.C5-X.P9': 0, 'AAV9.C5-X.P2': 0, 'AAV9-X.P9': 0, 'AAV9-Y.00': 0, 'AAV9-Y.01': 0, 'AAV9-Y.02': 0, 'AAV9-Y.03': 0, 'AAV8-Y.00': 0, 'AAV9-P.00': 0, 'AAV9-P.01': 0, 'AAV9-E.00': 0, 'AAV6-E.00': 0, 'AAVX-E.00': 0, 'AAV.KiT4-E.00': 0, 'AAV9-E.01': 0, 'AAV9-R2.00': 0, 'AAV9-R2.01': 0, 'AAV9-R2.02': 0, 'AAV9-R2.03': 0, 'AAV9-R2.04': 0, 'Document': 2}
INFO:root:New docx file saved to C:\Users\hwn6193\OneDrive - Takeda_N-e-W_\0.12 AAV Platform Time Capsule\01. Development & Qualification Reports\DMD-213082_SHP686 EXTRACTABLE VOLUMES AS WELL AS MATERIAL LOSSES ON SYRINGES AND NEEDLES.docx
INFO:root:
Processing C:/Users/hwn6193/OneDrive - Takeda\0.12 AAV Platform Time Capsule\01. Development & Qualification Reports\DMD-216285_Investigation of sedimentation and homogeneity for 24 hours and 72 hours  at ambient temperature.docx...
INFO:root:Replacements:
  {' ': 0, '  ': 0, '    ': 2, '     ': 1, 'AAV8-B.00': 0, 'AAV8-A.00': 6, 'AAV8-B2.00': 0, 'AAV8-B2.01': 0, 'AAV9-N.00': 5, 'AAV3b-V.00': 0, 'AAV8-A2.00': 0, 'AAV6-CT.00': 0, 'AAV8-R.00': 0, 'AAV8-R.01': 0, 'AAV8.PV27-B2.00': 0, 'AAV5-B2.01': 0, 'AAV9.C5-X.P12': 0, 'AAV9.C5-X.P13': 0, 'AAV9.C5-X.P9': 0, 'AAV9.C5-X.P2': 0, 'AAV9-X.P9': 0, 'AAV9-Y.00': 0, 'AAV9-Y.01': 0, 'AAV9-Y.02': 0, 'AAV9-Y.03': 0, 'AAV8-Y.00': 0, 'AAV9-P.00': 0, 'AAV9-P.01': 0, 'AAV9-E.00': 0, 'AAV6-E.00': 0, 'AAVX-E.00': 0, 'AAV.KiT4-E.00': 0, 'AAV9-E.01': 0, 'AAV9-R2.00': 0, 'AAV9-R2.01': 0, 'AAV9-R2.02': 0, 'AAV9-R2.03': 0, 'AAV9-R2.04': 0, 'Document': 4}
INFO:root:New docx file saved to C:\Users\hwn6193\OneDrive - Takeda_N-e-W_\0.12 AAV Platform Time Capsule\01. Development & Qualification Reports\DMD-216285_Investigation of sedimentation and homogeneity for 24 hours and 72 hours  at ambient temperature.docx
INFO:root:
Processing C:/Users/hwn6193/OneDrive - Takeda\0.12 AAV Platform Time Capsule\01. Development & Qualification Reports\DMD-218160_TAK-686 (SHP686) - Freeze-thaw study for Drug Product (DP).docx...
INFO:root:Replacements:
  {' ': 0, '  ': 0, '    ': 2, '     ': 1, 'AAV8-B.00': 0, 'AAV8-A.00': 30, 'AAV8-B2.00': 3, 'AAV8-B2.01': 0, 'AAV9-N.00': 21, 'AAV3b-V.00': 0, 'AAV8-A2.00': 0, 'AAV6-CT.00': 0, 'AAV8-R.00': 0, 'AAV8-R.01': 0, 'AAV8.PV27-B2.00': 0, 'AAV5-B2.01': 0, 'AAV9.C5-X.P12': 0, 'AAV9.C5-X.P13': 0, 'AAV9.C5-X.P9': 0, 'AAV9.C5-X.P2': 0, 'AAV9-X.P9': 0, 'AAV9-Y.00': 0, 'AAV9-Y.01': 0, 'AAV9-Y.02': 0, 'AAV9-Y.03': 0, 'AAV8-Y.00': 0, 'AAV9-P.00': 0, 'AAV9-P.01': 0, 'AAV9-E.00': 0, 'AAV6-E.00': 0, 'AAVX-E.00': 0, 'AAV.KiT4-E.00': 0, 'AAV9-E.01': 0, 'AAV9-R2.00': 0, 'AAV9-R2.01': 0, 'AAV9-R2.02': 0, 'AAV9-R2.03': 0, 'AAV9-R2.04': 0, 'Document': 31}
INFO:root:New docx file saved to C:\Users\hwn6193\OneDrive - Takeda_N-e-W_\0.12 AAV Platform Time Capsule\01. Development & Qualification Reports\DMD-218160_TAK-686 (SHP686) - Freeze-thaw study for Drug Product (DP).docx
INFO:root:
Processing C:/Users/hwn6193/OneDrive - Takeda\0.12 AAV Platform Time Capsule\01. Development & Qualification Reports\DMD-218344_Evaluation of cell line stability of HEK293 Pro-10 production cells.docx...
INFO:root:Replacements:
  {' ': 0, '  ': 0, '    ': 0, '     ': 2, 'AAV8-B.00': 38, 'AAV8-A.00': 88, 'AAV8-B2.00': 40, 'AAV8-B2.01': 0, 'AAV9-N.00': 0, 'AAV3b-V.00': 0, 'AAV8-A2.00': 0, 'AAV6-CT.00': 0, 'AAV8-R.00': 0, 'AAV8-R.01': 0, 'AAV8.PV27-B2.00': 0, 'AAV5-B2.01': 0, 'AAV9.C5-X.P12': 0, 'AAV9.C5-X.P13': 0, 'AAV9.C5-X.P9': 0, 'AAV9.C5-X.P2': 0, 'AAV9-X.P9': 0, 'AAV9-Y.00': 0, 'AAV9-Y.01': 0, 'AAV9-Y.02': 0, 'AAV9-Y.03': 0, 'AAV8-Y.00': 0, 'AAV9-P.00': 0, 'AAV9-P.01': 0, 'AAV9-E.00': 2, 'AAV6-E.00': 0, 'AAVX-E.00': 0, 'AAV.KiT4-E.00': 0, 'AAV9-E.01': 0, 'AAV9-R2.00': 0, 'AAV9-R2.01': 0, 'AAV9-R2.02': 0, 'AAV9-R2.03': 0, 'AAV9-R2.04': 0, 'Document': 7}
INFO:root:New docx file saved to C:\Users\hwn6193\OneDrive - Takeda_N-e-W_\0.12 AAV Platform Time Capsule\01. Development & Qualification Reports\DMD-218344_Evaluation of cell line stability of HEK293 Pro-10 production cells.docx
INFO:root:
Processing C:/Users/hwn6193/OneDrive - Takeda\0.12 AAV Platform Time Capsule\01. Development & Qualification Reports\DMD-219006_TAK-686 (SHP686) Hold time study for up to 96 hours at ambient temperature.docx...
INFO:root:Replacements:
  {' ': 0, '  ': 0, '    ': 2, '     ': 1, 'AAV8-B.00': 0, 'AAV8-A.00': 46, 'AAV8-B2.00': 4, 'AAV8-B2.01': 0, 'AAV9-N.00': 27, 'AAV3b-V.00': 0, 'AAV8-A2.00': 0, 'AAV6-CT.00': 0, 'AAV8-R.00': 0, 'AAV8-R.01': 0, 'AAV8.PV27-B2.00': 0, 'AAV5-B2.01': 0, 'AAV9.C5-X.P12': 0, 'AAV9.C5-X.P13': 0, 'AAV9.C5-X.P9': 0, 'AAV9.C5-X.P2': 0, 'AAV9-X.P9': 0, 'AAV9-Y.00': 0, 'AAV9-Y.01': 0, 'AAV9-Y.02': 0, 'AAV9-Y.03': 0, 'AAV8-Y.00': 0, 'AAV9-P.00': 0, 'AAV9-P.01': 0, 'AAV9-E.00': 0, 'AAV6-E.00': 0, 'AAVX-E.00': 0, 'AAV.KiT4-E.00': 0, 'AAV9-E.01': 0, 'AAV9-R2.00': 0, 'AAV9-R2.01': 0, 'AAV9-R2.02': 0, 'AAV9-R2.03': 0, 'AAV9-R2.04': 0, 'Document': 43}
INFO:root:New docx file saved to C:\Users\hwn6193\OneDrive - Takeda_N-e-W_\0.12 AAV Platform Time Capsule\01. Development & Qualification Reports\DMD-219006_TAK-686 (SHP686) Hold time study for up to 96 hours at ambient temperature.docx
INFO:root:
Processing C:/Users/hwn6193/OneDrive - Takeda\0.12 AAV Platform Time Capsule\01. Development & Qualification Reports\DMD-219020_Hold time study with BDS at +5±3°C and temp. cycle investigation with storage for up to 6 months.docx...
INFO:root:Replacements:
  {' ': 0, '  ': 0, '    ': 2, '     ': 1, 'AAV8-B.00': 0, 'AAV8-A.00': 42, 'AAV8-B2.00': 2, 'AAV8-B2.01': 0, 'AAV9-N.00': 37, 'AAV3b-V.00': 0, 'AAV8-A2.00': 0, 'AAV6-CT.00': 0, 'AAV8-R.00': 0, 'AAV8-R.01': 0, 'AAV8.PV27-B2.00': 0, 'AAV5-B2.01': 0, 'AAV9.C5-X.P12': 0, 'AAV9.C5-X.P13': 0, 'AAV9.C5-X.P9': 0, 'AAV9.C5-X.P2': 0, 'AAV9-X.P9': 0, 'AAV9-Y.00': 0, 'AAV9-Y.01': 0, 'AAV9-Y.02': 0, 'AAV9-Y.03': 0, 'AAV8-Y.00': 0, 'AAV9-P.00': 0, 'AAV9-P.01': 0, 'AAV9-E.00': 0, 'AAV6-E.00': 0, 'AAVX-E.00': 0, 'AAV.KiT4-E.00': 0, 'AAV9-E.01': 0, 'AAV9-R2.00': 0, 'AAV9-R2.01': 0, 'AAV9-R2.02': 0, 'AAV9-R2.03': 0, 'AAV9-R2.04': 0, 'Document': 47}
INFO:root:New docx file saved to C:\Users\hwn6193\OneDrive - Takeda_N-e-W_\0.12 AAV Platform Time Capsule\01. Development & Qualification Reports\DMD-219020_Hold time study with BDS at +5±3°C and temp. cycle investigation with storage for up to 6 months.docx
INFO:root:
Processing C:/Users/hwn6193/OneDrive - Takeda\0.12 AAV Platform Time Capsule\01. Development & Qualification Reports\DMD-219218_HD9-YTG buffer Polysorbate 80 saturation of the Pall Supor membrane in EKV sterile filters.docx...
INFO:root:Replacements:
  {' ': 0, '  ': 0, '    ': 2, '     ': 1, 'AAV8-B.00': 0, 'AAV8-A.00': 5, 'AAV8-B2.00': 1, 'AAV8-B2.01': 0, 'AAV9-N.00': 10, 'AAV3b-V.00': 0, 'AAV8-A2.00': 0, 'AAV6-CT.00': 0, 'AAV8-R.00': 0, 'AAV8-R.01': 0, 'AAV8.PV27-B2.00': 0, 'AAV5-B2.01': 0, 'AAV9.C5-X.P12': 0, 'AAV9.C5-X.P13': 0, 'AAV9.C5-X.P9': 0, 'AAV9.C5-X.P2': 0, 'AAV9-X.P9': 0, 'AAV9-Y.00': 0, 'AAV9-Y.01': 0, 'AAV9-Y.02': 0, 'AAV9-Y.03': 0, 'AAV8-Y.00': 0, 'AAV9-P.00': 0, 'AAV9-P.01': 0, 'AAV9-E.00': 0, 'AAV6-E.00': 0, 'AAVX-E.00': 0, 'AAV.KiT4-E.00': 0, 'AAV9-E.01': 0, 'AAV9-R2.00': 0, 'AAV9-R2.01': 0, 'AAV9-R2.02': 0, 'AAV9-R2.03': 0, 'AAV9-R2.04': 0, 'Document': 5}
INFO:root:New docx file saved to C:\Users\hwn6193\OneDrive - Takeda_N-e-W_\0.12 AAV Platform Time Capsule\01. Development & Qualification Reports\DMD-219218_HD9-YTG buffer Polysorbate 80 saturation of the Pall Supor membrane in EKV sterile filters.docx
INFO:root:
Processing C:/Users/hwn6193/OneDrive - Takeda\0.12 AAV Platform Time Capsule\01. Development & Qualification Reports\DMD-219706_TAK-686 Short term compatibility study for up to 96 hours.docx...
INFO:root:Replacements:
  {' ': 0, '  ': 0, '    ': 2, '     ': 2, 'AAV8-B.00': 0, 'AAV8-A.00': 61, 'AAV8-B2.00': 2, 'AAV8-B2.01': 0, 'AAV9-N.00': 25, 'AAV3b-V.00': 0, 'AAV8-A2.00': 0, 'AAV6-CT.00': 0, 'AAV8-R.00': 0, 'AAV8-R.01': 0, 'AAV8.PV27-B2.00': 0, 'AAV5-B2.01': 0, 'AAV9.C5-X.P12': 0, 'AAV9.C5-X.P13': 0, 'AAV9.C5-X.P9': 0, 'AAV9.C5-X.P2': 0, 'AAV9-X.P9': 0, 'AAV9-Y.00': 0, 'AAV9-Y.01': 0, 'AAV9-Y.02': 0, 'AAV9-Y.03': 0, 'AAV8-Y.00': 0, 'AAV9-P.00': 0, 'AAV9-P.01': 0, 'AAV9-E.00': 2, 'AAV6-E.00': 0, 'AAVX-E.00': 0, 'AAV.KiT4-E.00': 0, 'AAV9-E.01': 0, 'AAV9-R2.00': 0, 'AAV9-R2.01': 0, 'AAV9-R2.02': 0, 'AAV9-R2.03': 0, 'AAV9-R2.04': 0, 'Document': 48}
INFO:root:New docx file saved to C:\Users\hwn6193\OneDrive - Takeda_N-e-W_\0.12 AAV Platform Time Capsule\01. Development & Qualification Reports\DMD-219706_TAK-686 Short term compatibility study for up to 96 hours.docx
INFO:root:
Processing C:/Users/hwn6193/OneDrive - Takeda\0.12 AAV Platform Time Capsule\01. Development & Qualification Reports\DMD-219707_TAK-686 Freeze-thaw study for Final Drug Product (FDP).docx...
INFO:root:Replacements:
  {' ': 0, '  ': 0, '    ': 2, '     ': 1, 'AAV8-B.00': 0, 'AAV8-A.00': 29, 'AAV8-B2.00': 2, 'AAV8-B2.01': 0, 'AAV9-N.00': 14, 'AAV3b-V.00': 0, 'AAV8-A2.00': 0, 'AAV6-CT.00': 0, 'AAV8-R.00': 0, 'AAV8-R.01': 0, 'AAV8.PV27-B2.00': 0, 'AAV5-B2.01': 0, 'AAV9.C5-X.P12': 0, 'AAV9.C5-X.P13': 0, 'AAV9.C5-X.P9': 0, 'AAV9.C5-X.P2': 0, 'AAV9-X.P9': 0, 'AAV9-Y.00': 0, 'AAV9-Y.01': 0, 'AAV9-Y.02': 0, 'AAV9-Y.03': 0, 'AAV8-Y.00': 0, 'AAV9-P.00': 0, 'AAV9-P.01': 0, 'AAV9-E.00': 2, 'AAV6-E.00': 0, 'AAVX-E.00': 0, 'AAV.KiT4-E.00': 0, 'AAV9-E.01': 0, 'AAV9-R2.00': 0, 'AAV9-R2.01': 0, 'AAV9-R2.02': 0, 'AAV9-R2.03': 0, 'AAV9-R2.04': 0, 'Document': 29}
INFO:root:New docx file saved to C:\Users\hwn6193\OneDrive - Takeda_N-e-W_\0.12 AAV Platform Time Capsule\01. Development & Qualification Reports\DMD-219707_TAK-686 Freeze-thaw study for Final Drug Product (FDP).docx
INFO:root:
Processing C:/Users/hwn6193/OneDrive - Takeda\0.12 AAV Platform Time Capsule\01. Development & Qualification Reports\DMD-219939_HD9 - YTG Buffer hold time study for up to 12 months at +5 ± 3°C as well as +20°C to +26°C.docx...
INFO:root:Replacements:
  {' ': 0, '  ': 0, '    ': 2, '     ': 2, 'AAV8-B.00': 0, 'AAV8-A.00': 8, 'AAV8-B2.00': 1, 'AAV8-B2.01': 0, 'AAV9-N.00': 22, 'AAV3b-V.00': 0, 'AAV8-A2.00': 0, 'AAV6-CT.00': 0, 'AAV8-R.00': 0, 'AAV8-R.01': 0, 'AAV8.PV27-B2.00': 0, 'AAV5-B2.01': 0, 'AAV9.C5-X.P12': 0, 'AAV9.C5-X.P13': 0, 'AAV9.C5-X.P9': 0, 'AAV9.C5-X.P2': 0, 'AAV9-X.P9': 0, 'AAV9-Y.00': 0, 'AAV9-Y.01': 0, 'AAV9-Y.02': 0, 'AAV9-Y.03': 0, 'AAV8-Y.00': 0, 'AAV9-P.00': 0, 'AAV9-P.01': 0, 'AAV9-E.00': 0, 'AAV6-E.00': 0, 'AAVX-E.00': 0, 'AAV.KiT4-E.00': 0, 'AAV9-E.01': 0, 'AAV9-R2.00': 0, 'AAV9-R2.01': 0, 'AAV9-R2.02': 0, 'AAV9-R2.03': 0, 'AAV9-R2.04': 0, 'Document': 19}
INFO:root:New docx file saved to C:\Users\hwn6193\OneDrive - Takeda_N-e-W_\0.12 AAV Platform Time Capsule\01. Development & Qualification Reports\DMD-219939_HD9 - YTG Buffer hold time study for up to 12 months at +5 ± 3°C as well as +20°C to +26°C.docx
INFO:root:
Processing C:/Users/hwn6193/OneDrive - Takeda\0.12 AAV Platform Time Capsule\01. Development & Qualification Reports\DMD-220655_TAK-686 FDP Compatibility study at +5 ± 3°C and temperature cycle investigation for up to 6 months.docx...
INFO:root:Replacements:
  {' ': 0, '  ': 0, '    ': 3, '     ': 0, 'AAV8-B.00': 0, 'AAV8-A.00': 50, 'AAV8-B2.00': 2, 'AAV8-B2.01': 0, 'AAV9-N.00': 44, 'AAV3b-V.00': 2, 'AAV8-A2.00': 0, 'AAV6-CT.00': 0, 'AAV8-R.00': 0, 'AAV8-R.01': 0, 'AAV8.PV27-B2.00': 0, 'AAV5-B2.01': 0, 'AAV9.C5-X.P12': 0, 'AAV9.C5-X.P13': 0, 'AAV9.C5-X.P9': 0, 'AAV9.C5-X.P2': 0, 'AAV9-X.P9': 0, 'AAV9-Y.00': 0, 'AAV9-Y.01': 0, 'AAV9-Y.02': 0, 'AAV9-Y.03': 0, 'AAV8-Y.00': 0, 'AAV9-P.00': 0, 'AAV9-P.01': 0, 'AAV9-E.00': 0, 'AAV6-E.00': 0, 'AAVX-E.00': 0, 'AAV.KiT4-E.00': 0, 'AAV9-E.01': 0, 'AAV9-R2.00': 0, 'AAV9-R2.01': 0, 'AAV9-R2.02': 0, 'AAV9-R2.03': 0, 'AAV9-R2.04': 0, 'Document': 42}
INFO:root:New docx file saved to C:\Users\hwn6193\OneDrive - Takeda_N-e-W_\0.12 AAV Platform Time Capsule\01. Development & Qualification Reports\DMD-220655_TAK-686 FDP Compatibility study at +5 ± 3°C and temperature cycle investigation for up to 6 months.docx
INFO:root:
Processing C:/Users/hwn6193/OneDrive - Takeda\0.12 AAV Platform Time Capsule\01. Development & Qualification Reports\DMD-220808_TAK-748 FIX Gene Therapy - Compatibility evaluation of TAK-748 FDP for up to 36 months.docx...
INFO:root:Replacements:
  {' ': 0, '  ': 0, '    ': 3, '     ': 1, 'AAV8-B.00': 3, 'AAV8-A.00': 98, 'AAV8-B2.00': 86, 'AAV8-B2.01': 0, 'AAV9-N.00': 2, 'AAV3b-V.00': 1, 'AAV8-A2.00': 0, 'AAV6-CT.00': 0, 'AAV8-R.00': 0, 'AAV8-R.01': 0, 'AAV8.PV27-B2.00': 0, 'AAV5-B2.01': 0, 'AAV9.C5-X.P12': 0, 'AAV9.C5-X.P13': 0, 'AAV9.C5-X.P9': 0, 'AAV9.C5-X.P2': 0, 'AAV9-X.P9': 0, 'AAV9-Y.00': 0, 'AAV9-Y.01': 0, 'AAV9-Y.02': 0, 'AAV9-Y.03': 0, 'AAV8-Y.00': 0, 'AAV9-P.00': 0, 'AAV9-P.01': 0, 'AAV9-E.00': 1, 'AAV6-E.00': 0, 'AAVX-E.00': 0, 'AAV.KiT4-E.00': 0, 'AAV9-E.01': 0, 'AAV9-R2.00': 0, 'AAV9-R2.01': 0, 'AAV9-R2.02': 0, 'AAV9-R2.03': 0, 'AAV9-R2.04': 0, 'Document': 49}
INFO:root:New docx file saved to C:\Users\hwn6193\OneDrive - Takeda_N-e-W_\0.12 AAV Platform Time Capsule\01. Development & Qualification Reports\DMD-220808_TAK-748 FIX Gene Therapy - Compatibility evaluation of TAK-748 FDP for up to 36 months.docx
INFO:root:
Processing C:/Users/hwn6193/OneDrive - Takeda\0.12 AAV Platform Time Capsule\01. Development & Qualification Reports\DMD-221094_TAK-073 Long term compatibility study at different temperatures for 18 months, planned 36 months.docx...
INFO:root:Replacements:
  {' ': 0, '  ': 0, '    ': 5, '     ': 0, 'AAV8-B.00': 0, 'AAV8-A.00': 46, 'AAV8-B2.00': 1, 'AAV8-B2.01': 0, 'AAV9-N.00': 1, 'AAV3b-V.00': 1, 'AAV8-A2.00': 0, 'AAV6-CT.00': 0, 'AAV8-R.00': 34, 'AAV8-R.01': 0, 'AAV8.PV27-B2.00': 0, 'AAV5-B2.01': 0, 'AAV9.C5-X.P12': 0, 'AAV9.C5-X.P13': 0, 'AAV9.C5-X.P9': 0, 'AAV9.C5-X.P2': 0, 'AAV9-X.P9': 0, 'AAV9-Y.00': 0, 'AAV9-Y.01': 0, 'AAV9-Y.02': 0, 'AAV9-Y.03': 0, 'AAV8-Y.00': 0, 'AAV9-P.00': 0, 'AAV9-P.01': 0, 'AAV9-E.00': 3, 'AAV6-E.00': 0, 'AAVX-E.00': 0, 'AAV.KiT4-E.00': 0, 'AAV9-E.01': 0, 'AAV9-R2.00': 0, 'AAV9-R2.01': 0, 'AAV9-R2.02': 0, 'AAV9-R2.03': 0, 'AAV9-R2.04': 0, 'Document': 42}
INFO:root:New docx file saved to C:\Users\hwn6193\OneDrive - Takeda_N-e-W_\0.12 AAV Platform Time Capsule\01. Development & Qualification Reports\DMD-221094_TAK-073 Long term compatibility study at different temperatures for 18 months, planned 36 months.docx
INFO:root:
Processing C:/Users/hwn6193/OneDrive - Takeda\0.12 AAV Platform Time Capsule\01. Development & Qualification Reports\DMD-221591_TAK-686 Long term robustness study for up to 30 months at different temperatures.docx...
INFO:root:Replacements:
  {' ': 0, '  ': 0, '    ': 5, '     ': 0, 'AAV8-B.00': 0, 'AAV8-A.00': 58, 'AAV8-B2.00': 3, 'AAV8-B2.01': 0, 'AAV9-N.00': 47, 'AAV3b-V.00': 0, 'AAV8-A2.00': 0, 'AAV6-CT.00': 0, 'AAV8-R.00': 0, 'AAV8-R.01': 0, 'AAV8.PV27-B2.00': 0, 'AAV5-B2.01': 0, 'AAV9.C5-X.P12': 0, 'AAV9.C5-X.P13': 0, 'AAV9.C5-X.P9': 0, 'AAV9.C5-X.P2': 0, 'AAV9-X.P9': 0, 'AAV9-Y.00': 0, 'AAV9-Y.01': 0, 'AAV9-Y.02': 0, 'AAV9-Y.03': 0, 'AAV8-Y.00': 0, 'AAV9-P.00': 0, 'AAV9-P.01': 0, 'AAV9-E.00': 0, 'AAV6-E.00': 0, 'AAVX-E.00': 0, 'AAV.KiT4-E.00': 0, 'AAV9-E.01': 0, 'AAV9-R2.00': 0, 'AAV9-R2.01': 0, 'AAV9-R2.02': 0, 'AAV9-R2.03': 0, 'AAV9-R2.04': 0, 'Document': 49}
INFO:root:New docx file saved to C:\Users\hwn6193\OneDrive - Takeda_N-e-W_\0.12 AAV Platform Time Capsule\01. Development & Qualification Reports\DMD-221591_TAK-686 Long term robustness study for up to 30 months at different temperatures.docx
INFO:root:
Processing C:/Users/hwn6193/OneDrive - Takeda\0.12 AAV Platform Time Capsule\01. Development & Qualification Reports\DMD-221617_Aging Study of the HEK293-INH Cell Line to Assess the Stability of Cells During Cultivation.docx...
INFO:root:Replacements:
  {' ': 0, '  ': 0, '    ': 0, '     ': 2, 'AAV8-B.00': 0, 'AAV8-A.00': 1, 'AAV8-B2.00': 0, 'AAV8-B2.01': 0, 'AAV9-N.00': 2, 'AAV3b-V.00': 0, 'AAV8-A2.00': 0, 'AAV6-CT.00': 0, 'AAV8-R.00': 3, 'AAV8-R.01': 0, 'AAV8.PV27-B2.00': 0, 'AAV5-B2.01': 0, 'AAV9.C5-X.P12': 0, 'AAV9.C5-X.P13': 0, 'AAV9.C5-X.P9': 0, 'AAV9.C5-X.P2': 0, 'AAV9-X.P9': 0, 'AAV9-Y.00': 0, 'AAV9-Y.01': 0, 'AAV9-Y.02': 0, 'AAV9-Y.03': 0, 'AAV8-Y.00': 0, 'AAV9-P.00': 0, 'AAV9-P.01': 0, 'AAV9-E.00': 0, 'AAV6-E.00': 0, 'AAVX-E.00': 0, 'AAV.KiT4-E.00': 0, 'AAV9-E.01': 0, 'AAV9-R2.00': 0, 'AAV9-R2.01': 0, 'AAV9-R2.02': 0, 'AAV9-R2.03': 0, 'AAV9-R2.04': 0, 'Document': 3}
INFO:root:New docx file saved to C:\Users\hwn6193\OneDrive - Takeda_N-e-W_\0.12 AAV Platform Time Capsule\01. Development & Qualification Reports\DMD-221617_Aging Study of the HEK293-INH Cell Line to Assess the Stability of Cells During Cultivation.docx
INFO:root:
Processing C:/Users/hwn6193/OneDrive - Takeda\0.12 AAV Platform Time Capsule\01. Development & Qualification Reports\DMD-221900_Hold time study with DS at +5 ± 3°C and temperature cycle investigation with storage up to 18 months.docx...
INFO:root:Replacements:
  {' ': 0, '  ': 0, '    ': 2, '     ': 1, 'AAV8-B.00': 0, 'AAV8-A.00': 52, 'AAV8-B2.00': 1, 'AAV8-B2.01': 0, 'AAV9-N.00': 26, 'AAV3b-V.00': 1, 'AAV8-A2.00': 0, 'AAV6-CT.00': 0, 'AAV8-R.00': 0, 'AAV8-R.01': 0, 'AAV8.PV27-B2.00': 0, 'AAV5-B2.01': 0, 'AAV9.C5-X.P12': 1, 'AAV9.C5-X.P13': 0, 'AAV9.C5-X.P9': 0, 'AAV9.C5-X.P2': 0, 'AAV9-X.P9': 0, 'AAV9-Y.00': 0, 'AAV9-Y.01': 0, 'AAV9-Y.02': 0, 'AAV9-Y.03': 0, 'AAV8-Y.00': 0, 'AAV9-P.00': 0, 'AAV9-P.01': 0, 'AAV9-E.00': 0, 'AAV6-E.00': 0, 'AAVX-E.00': 0, 'AAV.KiT4-E.00': 0, 'AAV9-E.01': 0, 'AAV9-R2.00': 0, 'AAV9-R2.01': 0, 'AAV9-R2.02': 0, 'AAV9-R2.03': 0, 'AAV9-R2.04': 0, 'Document': 44}
INFO:root:New docx file saved to C:\Users\hwn6193\OneDrive - Takeda_N-e-W_\0.12 AAV Platform Time Capsule\01. Development & Qualification Reports\DMD-221900_Hold time study with DS at +5 ± 3°C and temperature cycle investigation with storage up to 18 months.docx
INFO:root:
Processing C:/Users/hwn6193/OneDrive - Takeda\0.12 AAV Platform Time Capsule\01. Development & Qualification Reports\DMD-221964_TAK-686 FDP Long term robustness study at different temperatures.docx...
INFO:root:Replacements:
  {' ': 0, '  ': 0, '    ': 1, '     ': 3, 'AAV8-B.00': 0, 'AAV8-A.00': 53, 'AAV8-B2.00': 1, 'AAV8-B2.01': 0, 'AAV9-N.00': 28, 'AAV3b-V.00': 0, 'AAV8-A2.00': 0, 'AAV6-CT.00': 0, 'AAV8-R.00': 0, 'AAV8-R.01': 0, 'AAV8.PV27-B2.00': 0, 'AAV5-B2.01': 0, 'AAV9.C5-X.P12': 1, 'AAV9.C5-X.P13': 0, 'AAV9.C5-X.P9': 0, 'AAV9.C5-X.P2': 0, 'AAV9-X.P9': 0, 'AAV9-Y.00': 0, 'AAV9-Y.01': 0, 'AAV9-Y.02': 0, 'AAV9-Y.03': 0, 'AAV8-Y.00': 0, 'AAV9-P.00': 0, 'AAV9-P.01': 0, 'AAV9-E.00': 0, 'AAV6-E.00': 0, 'AAVX-E.00': 0, 'AAV.KiT4-E.00': 0, 'AAV9-E.01': 0, 'AAV9-R2.00': 0, 'AAV9-R2.01': 0, 'AAV9-R2.02': 0, 'AAV9-R2.03': 0, 'AAV9-R2.04': 0, 'Document': 50}
INFO:root:New docx file saved to C:\Users\hwn6193\OneDrive - Takeda_N-e-W_\0.12 AAV Platform Time Capsule\01. Development & Qualification Reports\DMD-221964_TAK-686 FDP Long term robustness study at different temperatures.docx
INFO:root:
Processing C:/Users/hwn6193/OneDrive - Takeda\0.12 AAV Platform Time Capsule\01. Development & Qualification Reports\DMD-225525_FF_028_X002 - TAK-028 (Fabry GT) - BDS robustness study at +5±3°C and ≤-60°C for up to 6 months.docx...
INFO:root:Replacements:
  {' ': 0, '  ': 0, '    ': 3, '     ': 0, 'AAV8-B.00': 0, 'AAV8-A.00': 34, 'AAV8-B2.00': 0, 'AAV8-B2.01': 0, 'AAV9-N.00': 0, 'AAV3b-V.00': 0, 'AAV8-A2.00': 0, 'AAV6-CT.00': 0, 'AAV8-R.00': 0, 'AAV8-R.01': 0, 'AAV8.PV27-B2.00': 0, 'AAV5-B2.01': 0, 'AAV9.C5-X.P12': 0, 'AAV9.C5-X.P13': 0, 'AAV9.C5-X.P9': 0, 'AAV9.C5-X.P2': 0, 'AAV9-X.P9': 0, 'AAV9-Y.00': 19, 'AAV9-Y.01': 0, 'AAV9-Y.02': 0, 'AAV9-Y.03': 0, 'AAV8-Y.00': 0, 'AAV9-P.00': 0, 'AAV9-P.01': 0, 'AAV9-E.00': 0, 'AAV6-E.00': 0, 'AAVX-E.00': 0, 'AAV.KiT4-E.00': 0, 'AAV9-E.01': 0, 'AAV9-R2.00': 0, 'AAV9-R2.01': 0, 'AAV9-R2.02': 0, 'AAV9-R2.03': 0, 'AAV9-R2.04': 0, 'Document': 40}
INFO:root:New docx file saved to C:\Users\hwn6193\OneDrive - Takeda_N-e-W_\0.12 AAV Platform Time Capsule\01. Development & Qualification Reports\DMD-225525_FF_028_X002 - TAK-028 (Fabry GT) - BDS robustness study at +5±3°C and ≤-60°C for up to 6 months.docx
INFO:root:
Processing C:/Users/hwn6193/OneDrive - Takeda\0.12 AAV Platform Time Capsule\01. Development & Qualification Reports\DMD-225724_FF_028_X008 TAK-028 (Fabry GT) Long term stability study at ≤ -60°C for up to 36 months.docx...
INFO:root:Replacements:
  {' ': 0, '  ': 0, '    ': 2, '     ': 0, 'AAV8-B.00': 1, 'AAV8-A.00': 23, 'AAV8-B2.00': 0, 'AAV8-B2.01': 0, 'AAV9-N.00': 0, 'AAV3b-V.00': 0, 'AAV8-A2.00': 0, 'AAV6-CT.00': 0, 'AAV8-R.00': 0, 'AAV8-R.01': 0, 'AAV8.PV27-B2.00': 0, 'AAV5-B2.01': 0, 'AAV9.C5-X.P12': 0, 'AAV9.C5-X.P13': 0, 'AAV9.C5-X.P9': 0, 'AAV9.C5-X.P2': 0, 'AAV9-X.P9': 0, 'AAV9-Y.00': 15, 'AAV9-Y.01': 0, 'AAV9-Y.02': 0, 'AAV9-Y.03': 0, 'AAV8-Y.00': 0, 'AAV9-P.00': 0, 'AAV9-P.01': 0, 'AAV9-E.00': 0, 'AAV6-E.00': 0, 'AAVX-E.00': 0, 'AAV.KiT4-E.00': 0, 'AAV9-E.01': 0, 'AAV9-R2.00': 0, 'AAV9-R2.01': 0, 'AAV9-R2.02': 0, 'AAV9-R2.03': 0, 'AAV9-R2.04': 0, 'Document': 39}
INFO:root:New docx file saved to C:\Users\hwn6193\OneDrive - Takeda_N-e-W_\0.12 AAV Platform Time Capsule\01. Development & Qualification Reports\DMD-225724_FF_028_X008 TAK-028 (Fabry GT) Long term stability study at ≤ -60°C for up to 36 months.docx
INFO:root:
Processing C:/Users/hwn6193/OneDrive - Takeda\0.12 AAV Platform Time Capsule\01. Development & Qualification Reports\DMD-225735_FF_028_X004  TAK-028) Fabry GT - supporting GLP Tox study for long term stability  at ≤ -60°C.docx...
INFO:root:Replacements:
  {' ': 0, '  ': 0, '    ': 2, '     ': 0, 'AAV8-B.00': 1, 'AAV8-A.00': 22, 'AAV8-B2.00': 0, 'AAV8-B2.01': 0, 'AAV9-N.00': 0, 'AAV3b-V.00': 0, 'AAV8-A2.00': 0, 'AAV6-CT.00': 0, 'AAV8-R.00': 0, 'AAV8-R.01': 0, 'AAV8.PV27-B2.00': 0, 'AAV5-B2.01': 0, 'AAV9.C5-X.P12': 0, 'AAV9.C5-X.P13': 0, 'AAV9.C5-X.P9': 0, 'AAV9.C5-X.P2': 0, 'AAV9-X.P9': 0, 'AAV9-Y.00': 15, 'AAV9-Y.01': 0, 'AAV9-Y.02': 0, 'AAV9-Y.03': 0, 'AAV8-Y.00': 0, 'AAV9-P.00': 0, 'AAV9-P.01': 0, 'AAV9-E.00': 0, 'AAV6-E.00': 0, 'AAVX-E.00': 0, 'AAV.KiT4-E.00': 0, 'AAV9-E.01': 0, 'AAV9-R2.00': 0, 'AAV9-R2.01': 0, 'AAV9-R2.02': 0, 'AAV9-R2.03': 0, 'AAV9-R2.04': 0, 'Document': 41}
INFO:root:New docx file saved to C:\Users\hwn6193\OneDrive - Takeda_N-e-W_\0.12 AAV Platform Time Capsule\01. Development & Qualification Reports\DMD-225735_FF_028_X004  TAK-028) Fabry GT - supporting GLP Tox study for long term stability  at ≤ -60°C.docx
INFO:root:
Processing C:/Users/hwn6193/OneDrive - Takeda\0.12 AAV Platform Time Capsule\01. Development & Qualification Reports\DMD-225867_Gene Therapy Native Harvest Filtration Development Report.docx...
INFO:root:Replacements:
  {' ': 0, '  ': 0, '    ': 1, '     ': 2, 'AAV8-B.00': 10, 'AAV8-A.00': 166, 'AAV8-B2.00': 10, 'AAV8-B2.01': 0, 'AAV9-N.00': 0, 'AAV3b-V.00': 1, 'AAV8-A2.00': 0, 'AAV6-CT.00': 0, 'AAV8-R.00': 3, 'AAV8-R.01': 0, 'AAV8.PV27-B2.00': 0, 'AAV5-B2.01': 0, 'AAV9.C5-X.P12': 0, 'AAV9.C5-X.P13': 0, 'AAV9.C5-X.P9': 0, 'AAV9.C5-X.P2': 0, 'AAV9-X.P9': 0, 'AAV9-Y.00': 0, 'AAV9-Y.01': 0, 'AAV9-Y.02': 0, 'AAV9-Y.03': 0, 'AAV8-Y.00': 0, 'AAV9-P.00': 0, 'AAV9-P.01': 0, 'AAV9-E.00': 1, 'AAV6-E.00': 0, 'AAVX-E.00': 0, 'AAV.KiT4-E.00': 0, 'AAV9-E.01': 0, 'AAV9-R2.00': 0, 'AAV9-R2.01': 0, 'AAV9-R2.02': 0, 'AAV9-R2.03': 0, 'AAV9-R2.04': 0, 'Document': 0}
INFO:root:New docx file saved to C:\Users\hwn6193\OneDrive - Takeda_N-e-W_\0.12 AAV Platform Time Capsule\01. Development & Qualification Reports\DMD-225867_Gene Therapy Native Harvest Filtration Development Report.docx
INFO:root:
Processing C:/Users/hwn6193/OneDrive - Takeda\0.12 AAV Platform Time Capsule\01. Development & Qualification Reports\DMD-226043_FF_028_A003 - TAK-028 stability study in prescence of 100µg-mL Polysorbate 80.docx...
INFO:root:Replacements:
  {' ': 0, '  ': 0, '    ': 4, '     ': 0, 'AAV8-B.00': 0, 'AAV8-A.00': 33, 'AAV8-B2.00': 0, 'AAV8-B2.01': 0, 'AAV9-N.00': 0, 'AAV3b-V.00': 0, 'AAV8-A2.00': 0, 'AAV6-CT.00': 0, 'AAV8-R.00': 0, 'AAV8-R.01': 0, 'AAV8.PV27-B2.00': 0, 'AAV5-B2.01': 0, 'AAV9.C5-X.P12': 0, 'AAV9.C5-X.P13': 0, 'AAV9.C5-X.P9': 0, 'AAV9.C5-X.P2': 0, 'AAV9-X.P9': 0, 'AAV9-Y.00': 16, 'AAV9-Y.01': 0, 'AAV9-Y.02': 0, 'AAV9-Y.03': 0, 'AAV8-Y.00': 0, 'AAV9-P.00': 0, 'AAV9-P.01': 0, 'AAV9-E.00': 0, 'AAV6-E.00': 0, 'AAVX-E.00': 0, 'AAV.KiT4-E.00': 0, 'AAV9-E.01': 0, 'AAV9-R2.00': 0, 'AAV9-R2.01': 0, 'AAV9-R2.02': 0, 'AAV9-R2.03': 0, 'AAV9-R2.04': 0, 'Document': 35}
INFO:root:New docx file saved to C:\Users\hwn6193\OneDrive - Takeda_N-e-W_\0.12 AAV Platform Time Capsule\01. Development & Qualification Reports\DMD-226043_FF_028_A003 - TAK-028 stability study in prescence of 100µg-mL Polysorbate 80.docx
INFO:root:
Processing C:/Users/hwn6193/OneDrive - Takeda\0.12 AAV Platform Time Capsule\01. Development & Qualification Reports\DMD-226045_FF_028_X001_IR TAK-028 (Fabry GT) freeze - thawing study in Nalgene square bottles.docx...
INFO:root:Replacements:
  {' ': 0, '  ': 0, '    ': 2, '     ': 0, 'AAV8-B.00': 0, 'AAV8-A.00': 19, 'AAV8-B2.00': 0, 'AAV8-B2.01': 0, 'AAV9-N.00': 0, 'AAV3b-V.00': 0, 'AAV8-A2.00': 0, 'AAV6-CT.00': 0, 'AAV8-R.00': 0, 'AAV8-R.01': 0, 'AAV8.PV27-B2.00': 0, 'AAV5-B2.01': 0, 'AAV9.C5-X.P12': 0, 'AAV9.C5-X.P13': 0, 'AAV9.C5-X.P9': 0, 'AAV9.C5-X.P2': 0, 'AAV9-X.P9': 0, 'AAV9-Y.00': 11, 'AAV9-Y.01': 0, 'AAV9-Y.02': 2, 'AAV9-Y.03': 0, 'AAV8-Y.00': 0, 'AAV9-P.00': 0, 'AAV9-P.01': 0, 'AAV9-E.00': 0, 'AAV6-E.00': 0, 'AAVX-E.00': 0, 'AAV.KiT4-E.00': 0, 'AAV9-E.01': 0, 'AAV9-R2.00': 0, 'AAV9-R2.01': 0, 'AAV9-R2.02': 0, 'AAV9-R2.03': 0, 'AAV9-R2.04': 0, 'Document': 11}
INFO:root:New docx file saved to C:\Users\hwn6193\OneDrive - Takeda_N-e-W_\0.12 AAV Platform Time Capsule\01. Development & Qualification Reports\DMD-226045_FF_028_X001_IR TAK-028 (Fabry GT) freeze - thawing study in Nalgene square bottles.docx
INFO:root:
Processing C:/Users/hwn6193/OneDrive - Takeda\0.12 AAV Platform Time Capsule\01. Development & Qualification Reports\DMD-227153_FF_00_X009_IR - TAK-028 (Fabry GT) stress test with Polysorbate 80.docx...
INFO:root:Replacements:
  {' ': 0, '  ': 0, '    ': 2, '     ': 0, 'AAV8-B.00': 0, 'AAV8-A.00': 24, 'AAV8-B2.00': 1, 'AAV8-B2.01': 0, 'AAV9-N.00': 10, 'AAV3b-V.00': 3, 'AAV8-A2.00': 0, 'AAV6-CT.00': 0, 'AAV8-R.00': 0, 'AAV8-R.01': 0, 'AAV8.PV27-B2.00': 0, 'AAV5-B2.01': 0, 'AAV9.C5-X.P12': 0, 'AAV9.C5-X.P13': 0, 'AAV9.C5-X.P9': 0, 'AAV9.C5-X.P2': 0, 'AAV9-X.P9': 0, 'AAV9-Y.00': 20, 'AAV9-Y.01': 2, 'AAV9-Y.02': 0, 'AAV9-Y.03': 0, 'AAV8-Y.00': 0, 'AAV9-P.00': 0, 'AAV9-P.01': 0, 'AAV9-E.00': 0, 'AAV6-E.00': 0, 'AAVX-E.00': 0, 'AAV.KiT4-E.00': 0, 'AAV9-E.01': 0, 'AAV9-R2.00': 0, 'AAV9-R2.01': 0, 'AAV9-R2.02': 0, 'AAV9-R2.03': 0, 'AAV9-R2.04': 0, 'Document': 20}
INFO:root:New docx file saved to C:\Users\hwn6193\OneDrive - Takeda_N-e-W_\0.12 AAV Platform Time Capsule\01. Development & Qualification Reports\DMD-227153_FF_00_X009_IR - TAK-028 (Fabry GT) stress test with Polysorbate 80.docx
INFO:root:
Processing C:/Users/hwn6193/OneDrive - Takeda\0.12 AAV Platform Time Capsule\01. Development & Qualification Reports\DMD-227279_FF_028_X009 - Compatibility study for up to 168 hours at ambient temperature and temperature cycling.docx...
INFO:root:Replacements:
  {' ': 0, '  ': 0, '    ': 3, '     ': 0, 'AAV8-B.00': 0, 'AAV8-A.00': 33, 'AAV8-B2.00': 0, 'AAV8-B2.01': 0, 'AAV9-N.00': 1, 'AAV3b-V.00': 0, 'AAV8-A2.00': 0, 'AAV6-CT.00': 0, 'AAV8-R.00': 0, 'AAV8-R.01': 0, 'AAV8.PV27-B2.00': 0, 'AAV5-B2.01': 0, 'AAV9.C5-X.P12': 0, 'AAV9.C5-X.P13': 0, 'AAV9.C5-X.P9': 0, 'AAV9.C5-X.P2': 0, 'AAV9-X.P9': 0, 'AAV9-Y.00': 16, 'AAV9-Y.01': 0, 'AAV9-Y.02': 0, 'AAV9-Y.03': 0, 'AAV8-Y.00': 0, 'AAV9-P.00': 0, 'AAV9-P.01': 0, 'AAV9-E.00': 0, 'AAV6-E.00': 0, 'AAVX-E.00': 0, 'AAV.KiT4-E.00': 0, 'AAV9-E.01': 0, 'AAV9-R2.00': 0, 'AAV9-R2.01': 0, 'AAV9-R2.02': 0, 'AAV9-R2.03': 0, 'AAV9-R2.04': 0, 'Document': 37}
INFO:root:New docx file saved to C:\Users\hwn6193\OneDrive - Takeda_N-e-W_\0.12 AAV Platform Time Capsule\01. Development & Qualification Reports\DMD-227279_FF_028_X009 - Compatibility study for up to 168 hours at ambient temperature and temperature cycling.docx
INFO:root:
Processing C:/Users/hwn6193/OneDrive - Takeda\0.12 AAV Platform Time Capsule\01. Development & Qualification Reports\DMD-227439_Gene Therapy Disrupted Harvest Filtration Development Report.docx...
INFO:root:Replacements:
  {' ': 0, '  ': 0, '    ': 0, '     ': 1, 'AAV8-B.00': 0, 'AAV8-A.00': 65, 'AAV8-B2.00': 0, 'AAV8-B2.01': 0, 'AAV9-N.00': 0, 'AAV3b-V.00': 2, 'AAV8-A2.00': 0, 'AAV6-CT.00': 0, 'AAV8-R.00': 0, 'AAV8-R.01': 0, 'AAV8.PV27-B2.00': 0, 'AAV5-B2.01': 0, 'AAV9.C5-X.P12': 0, 'AAV9.C5-X.P13': 0, 'AAV9.C5-X.P9': 0, 'AAV9.C5-X.P2': 0, 'AAV9-X.P9': 0, 'AAV9-Y.00': 0, 'AAV9-Y.01': 0, 'AAV9-Y.02': 0, 'AAV9-Y.03': 0, 'AAV8-Y.00': 0, 'AAV9-P.00': 0, 'AAV9-P.01': 0, 'AAV9-E.00': 0, 'AAV6-E.00': 0, 'AAVX-E.00': 0, 'AAV.KiT4-E.00': 0, 'AAV9-E.01': 0, 'AAV9-R2.00': 0, 'AAV9-R2.01': 0, 'AAV9-R2.02': 0, 'AAV9-R2.03': 0, 'AAV9-R2.04': 0, 'Document': 0}
INFO:root:New docx file saved to C:\Users\hwn6193\OneDrive - Takeda_N-e-W_\0.12 AAV Platform Time Capsule\01. Development & Qualification Reports\DMD-227439_Gene Therapy Disrupted Harvest Filtration Development Report.docx
INFO:root:
Processing C:/Users/hwn6193/OneDrive - Takeda\0.12 AAV Platform Time Capsule\01. Development & Qualification Reports\DMD-227650_FF_028_X005_SR - TAK-028 Short term stability study in alignment with GLP tox study.docx...
INFO:root:Replacements:
  {' ': 0, '  ': 0, '    ': 4, '     ': 0, 'AAV8-B.00': 0, 'AAV8-A.00': 30, 'AAV8-B2.00': 0, 'AAV8-B2.01': 0, 'AAV9-N.00': 0, 'AAV3b-V.00': 1, 'AAV8-A2.00': 0, 'AAV6-CT.00': 0, 'AAV8-R.00': 0, 'AAV8-R.01': 0, 'AAV8.PV27-B2.00': 0, 'AAV5-B2.01': 0, 'AAV9.C5-X.P12': 0, 'AAV9.C5-X.P13': 0, 'AAV9.C5-X.P9': 0, 'AAV9.C5-X.P2': 0, 'AAV9-X.P9': 0, 'AAV9-Y.00': 16, 'AAV9-Y.01': 0, 'AAV9-Y.02': 0, 'AAV9-Y.03': 0, 'AAV8-Y.00': 0, 'AAV9-P.00': 0, 'AAV9-P.01': 0, 'AAV9-E.00': 0, 'AAV6-E.00': 0, 'AAVX-E.00': 0, 'AAV.KiT4-E.00': 0, 'AAV9-E.01': 0, 'AAV9-R2.00': 0, 'AAV9-R2.01': 0, 'AAV9-R2.02': 0, 'AAV9-R2.03': 0, 'AAV9-R2.04': 0, 'Document': 30}
INFO:root:New docx file saved to C:\Users\hwn6193\OneDrive - Takeda_N-e-W_\0.12 AAV Platform Time Capsule\01. Development & Qualification Reports\DMD-227650_FF_028_X005_SR - TAK-028 Short term stability study in alignment with GLP tox study.docx
INFO:root:
Processing C:/Users/hwn6193/OneDrive - Takeda\0.12 AAV Platform Time Capsule\01. Development & Qualification Reports\DMD-227731_Upstream Manufacturing Development of the rAAV8 Gene Therapy Platform Process.docx...
INFO:root:Replacements:
  {' ': 0, '  ': 0, '    ': 0, '     ': 2, 'AAV8-B.00': 122, 'AAV8-A.00': 188, 'AAV8-B2.00': 32, 'AAV8-B2.01': 0, 'AAV9-N.00': 0, 'AAV3b-V.00': 4, 'AAV8-A2.00': 0, 'AAV6-CT.00': 0, 'AAV8-R.00': 0, 'AAV8-R.01': 0, 'AAV8.PV27-B2.00': 0, 'AAV5-B2.01': 0, 'AAV9.C5-X.P12': 0, 'AAV9.C5-X.P13': 0, 'AAV9.C5-X.P9': 0, 'AAV9.C5-X.P2': 0, 'AAV9-X.P9': 0, 'AAV9-Y.00': 0, 'AAV9-Y.01': 0, 'AAV9-Y.02': 0, 'AAV9-Y.03': 0, 'AAV8-Y.00': 0, 'AAV9-P.00': 0, 'AAV9-P.01': 0, 'AAV9-E.00': 0, 'AAV6-E.00': 0, 'AAVX-E.00': 0, 'AAV.KiT4-E.00': 0, 'AAV9-E.01': 0, 'AAV9-R2.00': 0, 'AAV9-R2.01': 0, 'AAV9-R2.02': 0, 'AAV9-R2.03': 0, 'AAV9-R2.04': 0, 'Document': 2}
INFO:root:New docx file saved to C:\Users\hwn6193\OneDrive - Takeda_N-e-W_\0.12 AAV Platform Time Capsule\01. Development & Qualification Reports\DMD-227731_Upstream Manufacturing Development of the rAAV8 Gene Therapy Platform Process.docx
INFO:root:
Processing C:/Users/hwn6193/OneDrive - Takeda\0.12 AAV Platform Time Capsule\01. Development & Qualification Reports\DMD-228160_Yield Improvement Measures for Production of Gene Therapy Platform Products TAK-754 and TAK-748.docx...
INFO:root:Replacements:
  {' ': 0, '  ': 0, '    ': 1, '     ': 3, 'AAV8-B.00': 16, 'AAV8-A.00': 375, 'AAV8-B2.00': 28, 'AAV8-B2.01': 0, 'AAV9-N.00': 0, 'AAV3b-V.00': 18, 'AAV8-A2.00': 0, 'AAV6-CT.00': 0, 'AAV8-R.00': 0, 'AAV8-R.01': 0, 'AAV8.PV27-B2.00': 0, 'AAV5-B2.01': 0, 'AAV9.C5-X.P12': 0, 'AAV9.C5-X.P13': 0, 'AAV9.C5-X.P9': 0, 'AAV9.C5-X.P2': 0, 'AAV9-X.P9': 0, 'AAV9-Y.00': 0, 'AAV9-Y.01': 0, 'AAV9-Y.02': 0, 'AAV9-Y.03': 0, 'AAV8-Y.00': 0, 'AAV9-P.00': 0, 'AAV9-P.01': 0, 'AAV9-E.00': 0, 'AAV6-E.00': 0, 'AAVX-E.00': 0, 'AAV.KiT4-E.00': 0, 'AAV9-E.01': 0, 'AAV9-R2.00': 0, 'AAV9-R2.01': 0, 'AAV9-R2.02': 0, 'AAV9-R2.03': 0, 'AAV9-R2.04': 0, 'Document': 0}
INFO:root:New docx file saved to C:\Users\hwn6193\OneDrive - Takeda_N-e-W_\0.12 AAV Platform Time Capsule\01. Development & Qualification Reports\DMD-228160_Yield Improvement Measures for Production of Gene Therapy Platform Products TAK-754 and TAK-748.docx
INFO:root:
Processing C:/Users/hwn6193/OneDrive - Takeda\0.12 AAV Platform Time Capsule\01. Development & Qualification Reports\DMD-228241_Development of an AAV Gene Therapy Upstream Cell Disruption Process.docx...
INFO:root:Replacements:
  {' ': 0, '  ': 0, '    ': 0, '     ': 4, 'AAV8-B.00': 1, 'AAV8-A.00': 465, 'AAV8-B2.00': 0, 'AAV8-B2.01': 0, 'AAV9-N.00': 73, 'AAV3b-V.00': 6, 'AAV8-A2.00': 0, 'AAV6-CT.00': 1, 'AAV8-R.00': 0, 'AAV8-R.01': 0, 'AAV8.PV27-B2.00': 0, 'AAV5-B2.01': 0, 'AAV9.C5-X.P12': 0, 'AAV9.C5-X.P13': 0, 'AAV9.C5-X.P9': 2, 'AAV9.C5-X.P2': 0, 'AAV9-X.P9': 2, 'AAV9-Y.00': 5, 'AAV9-Y.01': 1, 'AAV9-Y.02': 3, 'AAV9-Y.03': 4, 'AAV8-Y.00': 0, 'AAV9-P.00': 0, 'AAV9-P.01': 1, 'AAV9-E.00': 4, 'AAV6-E.00': 0, 'AAVX-E.00': 0, 'AAV.KiT4-E.00': 2, 'AAV9-E.01': 1, 'AAV9-R2.00': 1, 'AAV9-R2.01': 1, 'AAV9-R2.02': 1, 'AAV9-R2.03': 1, 'AAV9-R2.04': 1, 'Document': 0}
INFO:root:New docx file saved to C:\Users\hwn6193\OneDrive - Takeda_N-e-W_\0.12 AAV Platform Time Capsule\01. Development & Qualification Reports\DMD-228241_Development of an AAV Gene Therapy Upstream Cell Disruption Process.docx
INFO:root:
Processing C:/Users/hwn6193/OneDrive - Takeda\0.12 AAV Platform Time Capsule\01. Development & Qualification Reports\DMD-228323_Development and performance of TFF-Formulation for AAV Gene Therapy Platform.docx...
INFO:root:Replacements:
  {' ': 0, '  ': 0, '    ': 2, '     ': 2, 'AAV8-B.00': 0, 'AAV8-A.00': 118, 'AAV8-B2.00': 3, 'AAV8-B2.01': 0, 'AAV9-N.00': 0, 'AAV3b-V.00': 1, 'AAV8-A2.00': 0, 'AAV6-CT.00': 0, 'AAV8-R.00': 0, 'AAV8-R.01': 0, 'AAV8.PV27-B2.00': 0, 'AAV5-B2.01': 0, 'AAV9.C5-X.P12': 0, 'AAV9.C5-X.P13': 0, 'AAV9.C5-X.P9': 0, 'AAV9.C5-X.P2': 0, 'AAV9-X.P9': 0, 'AAV9-Y.00': 31, 'AAV9-Y.01': 0, 'AAV9-Y.02': 2, 'AAV9-Y.03': 0, 'AAV8-Y.00': 0, 'AAV9-P.00': 0, 'AAV9-P.01': 0, 'AAV9-E.00': 0, 'AAV6-E.00': 0, 'AAVX-E.00': 0, 'AAV.KiT4-E.00': 0, 'AAV9-E.01': 0, 'AAV9-R2.00': 0, 'AAV9-R2.01': 0, 'AAV9-R2.02': 0, 'AAV9-R2.03': 0, 'AAV9-R2.04': 0, 'Document': 12}
INFO:root:New docx file saved to C:\Users\hwn6193\OneDrive - Takeda_N-e-W_\0.12 AAV Platform Time Capsule\01. Development & Qualification Reports\DMD-228323_Development and performance of TFF-Formulation for AAV Gene Therapy Platform.docx
INFO:root:
Processing C:/Users/hwn6193/OneDrive - Takeda\0.12 AAV Platform Time Capsule\01. Development & Qualification Reports\DMD-228619_Clone history and development of HEK293-INH Subclone G3.docx...
INFO:root:Replacements:
  {' ': 0, '  ': 0, '    ': 0, '     ': 1, 'AAV8-B.00': 1, 'AAV8-A.00': 5, 'AAV8-B2.00': 7, 'AAV8-B2.01': 0, 'AAV9-N.00': 0, 'AAV3b-V.00': 3, 'AAV8-A2.00': 0, 'AAV6-CT.00': 0, 'AAV8-R.00': 0, 'AAV8-R.01': 0, 'AAV8.PV27-B2.00': 0, 'AAV5-B2.01': 0, 'AAV9.C5-X.P12': 0, 'AAV9.C5-X.P13': 0, 'AAV9.C5-X.P9': 0, 'AAV9.C5-X.P2': 0, 'AAV9-X.P9': 0, 'AAV9-Y.00': 0, 'AAV9-Y.01': 0, 'AAV9-Y.02': 0, 'AAV9-Y.03': 0, 'AAV8-Y.00': 0, 'AAV9-P.00': 0, 'AAV9-P.01': 0, 'AAV9-E.00': 0, 'AAV6-E.00': 0, 'AAVX-E.00': 0, 'AAV.KiT4-E.00': 0, 'AAV9-E.01': 0, 'AAV9-R2.00': 0, 'AAV9-R2.01': 0, 'AAV9-R2.02': 0, 'AAV9-R2.03': 0, 'AAV9-R2.04': 0, 'Document': 16}
INFO:root:New docx file saved to C:\Users\hwn6193\OneDrive - Takeda_N-e-W_\0.12 AAV Platform Time Capsule\01. Development & Qualification Reports\DMD-228619_Clone history and development of HEK293-INH Subclone G3.docx
INFO:root:
Processing C:/Users/hwn6193/OneDrive - Takeda\0.12 AAV Platform Time Capsule\01. Development & Qualification Reports\DMD-229794_Development of rAAV Gene Therapy HEK293-INH Inoculum Process.docx...
INFO:root:Replacements:
  {' ': 0, '  ': 0, '    ': 0, '     ': 1, 'AAV8-B.00': 0, 'AAV8-A.00': 13, 'AAV8-B2.00': 3, 'AAV8-B2.01': 0, 'AAV9-N.00': 0, 'AAV3b-V.00': 1, 'AAV8-A2.00': 0, 'AAV6-CT.00': 0, 'AAV8-R.00': 0, 'AAV8-R.01': 0, 'AAV8.PV27-B2.00': 0, 'AAV5-B2.01': 0, 'AAV9.C5-X.P12': 0, 'AAV9.C5-X.P13': 0, 'AAV9.C5-X.P9': 0, 'AAV9.C5-X.P2': 0, 'AAV9-X.P9': 0, 'AAV9-Y.00': 0, 'AAV9-Y.01': 0, 'AAV9-Y.02': 0, 'AAV9-Y.03': 0, 'AAV8-Y.00': 0, 'AAV9-P.00': 0, 'AAV9-P.01': 0, 'AAV9-E.00': 0, 'AAV6-E.00': 0, 'AAVX-E.00': 0, 'AAV.KiT4-E.00': 0, 'AAV9-E.01': 0, 'AAV9-R2.00': 0, 'AAV9-R2.01': 0, 'AAV9-R2.02': 0, 'AAV9-R2.03': 0, 'AAV9-R2.04': 0, 'Document': 15}
INFO:root:New docx file saved to C:\Users\hwn6193\OneDrive - Takeda_N-e-W_\0.12 AAV Platform Time Capsule\01. Development & Qualification Reports\DMD-229794_Development of rAAV Gene Therapy HEK293-INH Inoculum Process.docx
INFO:root:
Processing C:/Users/hwn6193/OneDrive - Takeda\0.12 AAV Platform Time Capsule\01. Development & Qualification Reports\DMD-229806_Gene Therapy Platform Downstream Process Development.docx...
ERROR:root:list index out of range in C:/Users/hwn6193/OneDrive - Takeda\0.12 AAV Platform Time Capsule\01. Development & Qualification Reports\DMD-229806_Gene Therapy Platform Downstream Process Development.docx
INFO:root:
Processing C:/Users/hwn6193/OneDrive - Takeda\0.12 AAV Platform Time Capsule\01. Development & Qualification Reports\DMD-229815_TAK-028 Gene Therapy Process Development.docx...
INFO:root:Replacements:
  {' ': 0, '  ': 0, '    ': 0, '     ': 8, 'AAV8-B.00': 0, 'AAV8-A.00': 123, 'AAV8-B2.00': 1, 'AAV8-B2.01': 0, 'AAV9-N.00': 11, 'AAV3b-V.00': 3, 'AAV8-A2.00': 0, 'AAV6-CT.00': 0, 'AAV8-R.00': 0, 'AAV8-R.01': 0, 'AAV8.PV27-B2.00': 0, 'AAV5-B2.01': 0, 'AAV9.C5-X.P12': 1, 'AAV9.C5-X.P13': 0, 'AAV9.C5-X.P9': 0, 'AAV9.C5-X.P2': 0, 'AAV9-X.P9': 0, 'AAV9-Y.00': 56, 'AAV9-Y.01': 0, 'AAV9-Y.02': 30, 'AAV9-Y.03': 0, 'AAV8-Y.00': 0, 'AAV9-P.00': 0, 'AAV9-P.01': 0, 'AAV9-E.00': 0, 'AAV6-E.00': 0, 'AAVX-E.00': 0, 'AAV.KiT4-E.00': 0, 'AAV9-E.01': 0, 'AAV9-R2.00': 0, 'AAV9-R2.01': 0, 'AAV9-R2.02': 0, 'AAV9-R2.03': 0, 'AAV9-R2.04': 0, 'Document': 1}
INFO:root:New docx file saved to C:\Users\hwn6193\OneDrive - Takeda_N-e-W_\0.12 AAV Platform Time Capsule\01. Development & Qualification Reports\DMD-229815_TAK-028 Gene Therapy Process Development.docx
INFO:root:
Processing C:/Users/hwn6193/OneDrive - Takeda\0.12 AAV Platform Time Capsule\01. Development & Qualification Reports\DMD-229829_Development Report Ultracentrifugation to Separate Full and Empty rAAV Particles.docx...
INFO:root:Replacements:
  {' ': 0, '  ': 0, '    ': 0, '     ': 1, 'AAV8-B.00': 335, 'AAV8-A.00': 453, 'AAV8-B2.00': 28, 'AAV8-B2.01': 0, 'AAV9-N.00': 0, 'AAV3b-V.00': 1, 'AAV8-A2.00': 0, 'AAV6-CT.00': 0, 'AAV8-R.00': 0, 'AAV8-R.01': 0, 'AAV8.PV27-B2.00': 0, 'AAV5-B2.01': 0, 'AAV9.C5-X.P12': 0, 'AAV9.C5-X.P13': 0, 'AAV9.C5-X.P9': 0, 'AAV9.C5-X.P2': 0, 'AAV9-X.P9': 0, 'AAV9-Y.00': 0, 'AAV9-Y.01': 0, 'AAV9-Y.02': 0, 'AAV9-Y.03': 0, 'AAV8-Y.00': 0, 'AAV9-P.00': 0, 'AAV9-P.01': 0, 'AAV9-E.00': 0, 'AAV6-E.00': 0, 'AAVX-E.00': 0, 'AAV.KiT4-E.00': 0, 'AAV9-E.01': 0, 'AAV9-R2.00': 0, 'AAV9-R2.01': 0, 'AAV9-R2.02': 0, 'AAV9-R2.03': 0, 'AAV9-R2.04': 0, 'Document': 5}
INFO:root:New docx file saved to C:\Users\hwn6193\OneDrive - Takeda_N-e-W_\0.12 AAV Platform Time Capsule\01. Development & Qualification Reports\DMD-229829_Development Report Ultracentrifugation to Separate Full and Empty rAAV Particles.docx
INFO:root:
Processing C:/Users/hwn6193/OneDrive - Takeda\0.12 AAV Platform Time Capsule\01. Development & Qualification Reports\DMD-229872_Development of a Nanofiltration Step for the Gene Therapy Downstream Purification Process.docx...
INFO:root:Replacements:
  {' ': 0, '  ': 0, '    ': 1, '     ': 4, 'AAV8-B.00': 41, 'AAV8-A.00': 219, 'AAV8-B2.00': 23, 'AAV8-B2.01': 0, 'AAV9-N.00': 0, 'AAV3b-V.00': 2, 'AAV8-A2.00': 0, 'AAV6-CT.00': 0, 'AAV8-R.00': 0, 'AAV8-R.01': 0, 'AAV8.PV27-B2.00': 0, 'AAV5-B2.01': 0, 'AAV9.C5-X.P12': 0, 'AAV9.C5-X.P13': 0, 'AAV9.C5-X.P9': 0, 'AAV9.C5-X.P2': 0, 'AAV9-X.P9': 0, 'AAV9-Y.00': 0, 'AAV9-Y.01': 0, 'AAV9-Y.02': 0, 'AAV9-Y.03': 0, 'AAV8-Y.00': 0, 'AAV9-P.00': 0, 'AAV9-P.01': 0, 'AAV9-E.00': 0, 'AAV6-E.00': 0, 'AAVX-E.00': 0, 'AAV.KiT4-E.00': 0, 'AAV9-E.01': 0, 'AAV9-R2.00': 0, 'AAV9-R2.01': 0, 'AAV9-R2.02': 0, 'AAV9-R2.03': 0, 'AAV9-R2.04': 0, 'Document': 3}
INFO:root:New docx file saved to C:\Users\hwn6193\OneDrive - Takeda_N-e-W_\0.12 AAV Platform Time Capsule\01. Development & Qualification Reports\DMD-229872_Development of a Nanofiltration Step for the Gene Therapy Downstream Purification Process.docx
INFO:root:
Processing C:/Users/hwn6193/OneDrive - Takeda\0.12 AAV Platform Time Capsule\01. Development & Qualification Reports\DMD-229889_TAK-748 Gene Therapy Downstream Process Development.docx...
ERROR:root:list index out of range in C:/Users/hwn6193/OneDrive - Takeda\0.12 AAV Platform Time Capsule\01. Development & Qualification Reports\DMD-229889_TAK-748 Gene Therapy Downstream Process Development.docx
INFO:root:
Processing C:/Users/hwn6193/OneDrive - Takeda\0.12 AAV Platform Time Capsule\01. Development & Qualification Reports\VAL-387274_FR-18-648-IP-1701.docx...
INFO:root:Replacements:
  {' ': 0, '  ': 2, '    ': 1, '     ': 0, 'AAV8-B.00': 0, 'AAV8-A.00': 18, 'AAV8-B2.00': 28, 'AAV8-B2.01': 0, 'AAV9-N.00': 0, 'AAV3b-V.00': 0, 'AAV8-A2.00': 0, 'AAV6-CT.00': 0, 'AAV8-R.00': 0, 'AAV8-R.01': 0, 'AAV8.PV27-B2.00': 0, 'AAV5-B2.01': 0, 'AAV9.C5-X.P12': 0, 'AAV9.C5-X.P13': 0, 'AAV9.C5-X.P9': 0, 'AAV9.C5-X.P2': 0, 'AAV9-X.P9': 0, 'AAV9-Y.00': 0, 'AAV9-Y.01': 0, 'AAV9-Y.02': 0, 'AAV9-Y.03': 0, 'AAV8-Y.00': 0, 'AAV9-P.00': 0, 'AAV9-P.01': 0, 'AAV9-E.00': 0, 'AAV6-E.00': 0, 'AAVX-E.00': 0, 'AAV.KiT4-E.00': 0, 'AAV9-E.01': 0, 'AAV9-R2.00': 0, 'AAV9-R2.01': 0, 'AAV9-R2.02': 0, 'AAV9-R2.03': 0, 'AAV9-R2.04': 0, 'Document': 0}
INFO:root:New docx file saved to C:\Users\hwn6193\OneDrive - Takeda_N-e-W_\0.12 AAV Platform Time Capsule\01. Development & Qualification Reports\VAL-387274_FR-18-648-IP-1701.docx
INFO:root:
Processing C:/Users/hwn6193/OneDrive - Takeda\0.12 AAV Platform Time Capsule\01. Development & Qualification Reports\VAL-417465_748-DS-R-119421.docx...
INFO:root:Replacements:
  {' ': 0, '  ': 0, '    ': 1, '     ': 0, 'AAV8-B.00': 0, 'AAV8-A.00': 9, 'AAV8-B2.00': 29, 'AAV8-B2.01': 0, 'AAV9-N.00': 0, 'AAV3b-V.00': 0, 'AAV8-A2.00': 0, 'AAV6-CT.00': 0, 'AAV8-R.00': 0, 'AAV8-R.01': 0, 'AAV8.PV27-B2.00': 0, 'AAV5-B2.01': 0, 'AAV9.C5-X.P12': 0, 'AAV9.C5-X.P13': 0, 'AAV9.C5-X.P9': 0, 'AAV9.C5-X.P2': 0, 'AAV9-X.P9': 0, 'AAV9-Y.00': 0, 'AAV9-Y.01': 0, 'AAV9-Y.02': 0, 'AAV9-Y.03': 0, 'AAV8-Y.00': 0, 'AAV9-P.00': 0, 'AAV9-P.01': 0, 'AAV9-E.00': 0, 'AAV6-E.00': 0, 'AAVX-E.00': 0, 'AAV.KiT4-E.00': 0, 'AAV9-E.01': 0, 'AAV9-R2.00': 0, 'AAV9-R2.01': 0, 'AAV9-R2.02': 0, 'AAV9-R2.03': 0, 'AAV9-R2.04': 0, 'Document': 0}
INFO:root:New docx file saved to C:\Users\hwn6193\OneDrive - Takeda_N-e-W_\0.12 AAV Platform Time Capsule\01. Development & Qualification Reports\VAL-417465_748-DS-R-119421.docx
INFO:root:
Processing C:/Users/hwn6193/OneDrive - Takeda\0.12 AAV Platform Time Capsule\01. Development & Qualification Reports\VAL-479284_748-DP-R-191711.docx...
ERROR:root:list index out of range in C:/Users/hwn6193/OneDrive - Takeda\0.12 AAV Platform Time Capsule\01. Development & Qualification Reports\VAL-479284_748-DP-R-191711.docx
INFO:root:
Processing C:/Users/hwn6193/OneDrive - Takeda\0.12 AAV Platform Time Capsule\01. Development & Qualification Reports\VAL-479285_748-DP-R-191712.docx...
INFO:root:Replacements:
  {' ': 0, '  ': 0, '    ': 1, '     ': 5, 'AAV8-B.00': 0, 'AAV8-A.00': 140, 'AAV8-B2.00': 112, 'AAV8-B2.01': 0, 'AAV9-N.00': 0, 'AAV3b-V.00': 4, 'AAV8-A2.00': 0, 'AAV6-CT.00': 0, 'AAV8-R.00': 0, 'AAV8-R.01': 0, 'AAV8.PV27-B2.00': 0, 'AAV5-B2.01': 0, 'AAV9.C5-X.P12': 0, 'AAV9.C5-X.P13': 0, 'AAV9.C5-X.P9': 0, 'AAV9.C5-X.P2': 0, 'AAV9-X.P9': 0, 'AAV9-Y.00': 0, 'AAV9-Y.01': 0, 'AAV9-Y.02': 0, 'AAV9-Y.03': 0, 'AAV8-Y.00': 0, 'AAV9-P.00': 0, 'AAV9-P.01': 0, 'AAV9-E.00': 0, 'AAV6-E.00': 0, 'AAVX-E.00': 0, 'AAV.KiT4-E.00': 0, 'AAV9-E.01': 0, 'AAV9-R2.00': 0, 'AAV9-R2.01': 0, 'AAV9-R2.02': 0, 'AAV9-R2.03': 0, 'AAV9-R2.04': 0, 'Document': 14}
INFO:root:New docx file saved to C:\Users\hwn6193\OneDrive - Takeda_N-e-W_\0.12 AAV Platform Time Capsule\01. Development & Qualification Reports\VAL-479285_748-DP-R-191712.docx
INFO:root:
Processing C:/Users/hwn6193/OneDrive - Takeda\0.12 AAV Platform Time Capsule\01. Development & Qualification Reports\VAL-479466_686-DP-R-191846.docx...
INFO:root:Replacements:
  {' ': 0, '  ': 0, '    ': 2, '     ': 17, 'AAV8-B.00': 0, 'AAV8-A.00': 65, 'AAV8-B2.00': 5, 'AAV8-B2.01': 0, 'AAV9-N.00': 24, 'AAV3b-V.00': 9, 'AAV8-A2.00': 0, 'AAV6-CT.00': 0, 'AAV8-R.00': 0, 'AAV8-R.01': 0, 'AAV8.PV27-B2.00': 0, 'AAV5-B2.01': 0, 'AAV9.C5-X.P12': 0, 'AAV9.C5-X.P13': 0, 'AAV9.C5-X.P9': 0, 'AAV9.C5-X.P2': 0, 'AAV9-X.P9': 0, 'AAV9-Y.00': 0, 'AAV9-Y.01': 0, 'AAV9-Y.02': 0, 'AAV9-Y.03': 0, 'AAV8-Y.00': 0, 'AAV9-P.00': 0, 'AAV9-P.01': 0, 'AAV9-E.00': 0, 'AAV6-E.00': 0, 'AAVX-E.00': 0, 'AAV.KiT4-E.00': 0, 'AAV9-E.01': 0, 'AAV9-R2.00': 0, 'AAV9-R2.01': 0, 'AAV9-R2.02': 0, 'AAV9-R2.03': 0, 'AAV9-R2.04': 0, 'Document': 10}
INFO:root:New docx file saved to C:\Users\hwn6193\OneDrive - Takeda_N-e-W_\0.12 AAV Platform Time Capsule\01. Development & Qualification Reports\VAL-479466_686-DP-R-191846.docx
INFO:root:
Processing C:/Users/hwn6193/OneDrive - Takeda\0.12 AAV Platform Time Capsule\01. Development & Qualification Reports\VAL-479576_686-DS-R-191971.docx...
INFO:root:Replacements:
  {' ': 0, '  ': 0, '    ': 2, '     ': 17, 'AAV8-B.00': 0, 'AAV8-A.00': 148, 'AAV8-B2.00': 5, 'AAV8-B2.01': 0, 'AAV9-N.00': 32, 'AAV3b-V.00': 8, 'AAV8-A2.00': 0, 'AAV6-CT.00': 0, 'AAV8-R.00': 0, 'AAV8-R.01': 0, 'AAV8.PV27-B2.00': 0, 'AAV5-B2.01': 0, 'AAV9.C5-X.P12': 0, 'AAV9.C5-X.P13': 0, 'AAV9.C5-X.P9': 0, 'AAV9.C5-X.P2': 0, 'AAV9-X.P9': 0, 'AAV9-Y.00': 0, 'AAV9-Y.01': 0, 'AAV9-Y.02': 0, 'AAV9-Y.03': 0, 'AAV8-Y.00': 0, 'AAV9-P.00': 0, 'AAV9-P.01': 0, 'AAV9-E.00': 0, 'AAV6-E.00': 0, 'AAVX-E.00': 0, 'AAV.KiT4-E.00': 0, 'AAV9-E.01': 0, 'AAV9-R2.00': 0, 'AAV9-R2.01': 0, 'AAV9-R2.02': 0, 'AAV9-R2.03': 0, 'AAV9-R2.04': 0, 'Document': 9}
INFO:root:New docx file saved to C:\Users\hwn6193\OneDrive - Takeda_N-e-W_\0.12 AAV Platform Time Capsule\01. Development & Qualification Reports\VAL-479576_686-DS-R-191971.docx
INFO:root:
Processing C:/Users/hwn6193/OneDrive - Takeda\0.12 AAV Platform Time Capsule\01. Development & Qualification Reports\VAL-526271_028-DS-23-526271 DS GMP stability for clinical phase I-II.docx...
INFO:root:Replacements:
  {' ': 0, '  ': 0, '    ': 2, '     ': 4, 'AAV8-B.00': 0, 'AAV8-A.00': 23, 'AAV8-B2.00': 0, 'AAV8-B2.01': 0, 'AAV9-N.00': 0, 'AAV3b-V.00': 0, 'AAV8-A2.00': 0, 'AAV6-CT.00': 0, 'AAV8-R.00': 0, 'AAV8-R.01': 0, 'AAV8.PV27-B2.00': 0, 'AAV5-B2.01': 0, 'AAV9.C5-X.P12': 0, 'AAV9.C5-X.P13': 0, 'AAV9.C5-X.P9': 0, 'AAV9.C5-X.P2': 0, 'AAV9-X.P9': 0, 'AAV9-Y.00': 29, 'AAV9-Y.01': 0, 'AAV9-Y.02': 0, 'AAV9-Y.03': 0, 'AAV8-Y.00': 0, 'AAV9-P.00': 0, 'AAV9-P.01': 0, 'AAV9-E.00': 0, 'AAV6-E.00': 0, 'AAVX-E.00': 0, 'AAV.KiT4-E.00': 0, 'AAV9-E.01': 0, 'AAV9-R2.00': 0, 'AAV9-R2.01': 0, 'AAV9-R2.02': 0, 'AAV9-R2.03': 0, 'AAV9-R2.04': 0, 'Document': 50}
INFO:root:New docx file saved to C:\Users\hwn6193\OneDrive - Takeda_N-e-W_\0.12 AAV Platform Time Capsule\01. Development & Qualification Reports\VAL-526271_028-DS-23-526271 DS GMP stability for clinical phase I-II.docx
INFO:root:
Processing C:/Users/hwn6193/OneDrive - Takeda\0.12 AAV Platform Time Capsule\01. Development & Qualification Reports\VAL-566434_Qualification of NucleoCounter NC-202 for Cell Count and Viability Using HEK293-INH Cell Line.docx...
ERROR:root:list index out of range in C:/Users/hwn6193/OneDrive - Takeda\0.12 AAV Platform Time Capsule\01. Development & Qualification Reports\VAL-566434_Qualification of NucleoCounter NC-202 for Cell Count and Viability Using HEK293-INH Cell Line.docx
INFO:root:
Processing C:/Users/hwn6193/OneDrive - Takeda\0.12 AAV Platform Time Capsule\02. Method History Files\AUC\RPT-007604_AUC_pDNA_Isoforms\Relative Quantification of Plasmid Isoforms by Analytical Ultracentrifugation (1).docx...
INFO:root:Replacements:
  {' ': 0, '  ': 0, '    ': 0, '     ': 1, 'AAV8-B.00': 0, 'AAV8-A.00': 1, 'AAV8-B2.00': 0, 'AAV8-B2.01': 0, 'AAV9-N.00': 0, 'AAV3b-V.00': 0, 'AAV8-A2.00': 0, 'AAV6-CT.00': 0, 'AAV8-R.00': 0, 'AAV8-R.01': 0, 'AAV8.PV27-B2.00': 0, 'AAV5-B2.01': 0, 'AAV9.C5-X.P12': 0, 'AAV9.C5-X.P13': 0, 'AAV9.C5-X.P9': 0, 'AAV9.C5-X.P2': 0, 'AAV9-X.P9': 0, 'AAV9-Y.00': 0, 'AAV9-Y.01': 0, 'AAV9-Y.02': 0, 'AAV9-Y.03': 0, 'AAV8-Y.00': 0, 'AAV9-P.00': 0, 'AAV9-P.01': 0, 'AAV9-E.00': 0, 'AAV6-E.00': 0, 'AAVX-E.00': 0, 'AAV.KiT4-E.00': 0, 'AAV9-E.01': 0, 'AAV9-R2.00': 0, 'AAV9-R2.01': 0, 'AAV9-R2.02': 0, 'AAV9-R2.03': 0, 'AAV9-R2.04': 0, 'Document': 0}
INFO:root:New docx file saved to C:\Users\hwn6193\OneDrive - Takeda_N-e-W_\0.12 AAV Platform Time Capsule\02. Method History Files\AUC\RPT-007604_AUC_pDNA_Isoforms\Relative Quantification of Plasmid Isoforms by Analytical Ultracentrifugation (1).docx
INFO:root:
Processing C:/Users/hwn6193/OneDrive - Takeda\0.12 AAV Platform Time Capsule\02. Method History Files\AUC\RPT-007604_AUC_pDNA_Isoforms\RPT-007604 - Relative Quantification of Plasmid Isoforms by Analytical Ultracentrifugation.docx...
INFO:root:Replacements:
  {' ': 0, '  ': 0, '    ': 0, '     ': 0, 'AAV8-B.00': 0, 'AAV8-A.00': 2, 'AAV8-B2.00': 0, 'AAV8-B2.01': 0, 'AAV9-N.00': 0, 'AAV3b-V.00': 0, 'AAV8-A2.00': 0, 'AAV6-CT.00': 0, 'AAV8-R.00': 0, 'AAV8-R.01': 0, 'AAV8.PV27-B2.00': 0, 'AAV5-B2.01': 0, 'AAV9.C5-X.P12': 0, 'AAV9.C5-X.P13': 0, 'AAV9.C5-X.P9': 0, 'AAV9.C5-X.P2': 0, 'AAV9-X.P9': 0, 'AAV9-Y.00': 0, 'AAV9-Y.01': 0, 'AAV9-Y.02': 0, 'AAV9-Y.03': 0, 'AAV8-Y.00': 0, 'AAV9-P.00': 0, 'AAV9-P.01': 0, 'AAV9-E.00': 0, 'AAV6-E.00': 0, 'AAVX-E.00': 0, 'AAV.KiT4-E.00': 0, 'AAV9-E.01': 0, 'AAV9-R2.00': 0, 'AAV9-R2.01': 0, 'AAV9-R2.02': 0, 'AAV9-R2.03': 0, 'AAV9-R2.04': 0, 'Document': 1}
INFO:root:New docx file saved to C:\Users\hwn6193\OneDrive - Takeda_N-e-W_\0.12 AAV Platform Time Capsule\02. Method History Files\AUC\RPT-007604_AUC_pDNA_Isoforms\RPT-007604 - Relative Quantification of Plasmid Isoforms by Analytical Ultracentrifugation.docx
INFO:root:
Processing C:/Users/hwn6193/OneDrive - Takeda\0.12 AAV Platform Time Capsule\02. Method History Files\AUC\RPT-007604_AUC_pDNA_Isoforms\DFM11885\DFM11885 - datafile.docx...
INFO:root:Replacements:
  {' ': 0, '  ': 0, '    ': 0, '     ': 0, 'AAV8-B.00': 0, 'AAV8-A.00': 7, 'AAV8-B2.00': 0, 'AAV8-B2.01': 0, 'AAV9-N.00': 1, 'AAV3b-V.00': 0, 'AAV8-A2.00': 0, 'AAV6-CT.00': 0, 'AAV8-R.00': 0, 'AAV8-R.01': 0, 'AAV8.PV27-B2.00': 0, 'AAV5-B2.01': 0, 'AAV9.C5-X.P12': 0, 'AAV9.C5-X.P13': 0, 'AAV9.C5-X.P9': 0, 'AAV9.C5-X.P2': 0, 'AAV9-X.P9': 0, 'AAV9-Y.00': 0, 'AAV9-Y.01': 0, 'AAV9-Y.02': 0, 'AAV9-Y.03': 0, 'AAV8-Y.00': 0, 'AAV9-P.00': 0, 'AAV9-P.01': 0, 'AAV9-E.00': 0, 'AAV6-E.00': 0, 'AAVX-E.00': 0, 'AAV.KiT4-E.00': 0, 'AAV9-E.01': 0, 'AAV9-R2.00': 0, 'AAV9-R2.01': 0, 'AAV9-R2.02': 0, 'AAV9-R2.03': 0, 'AAV9-R2.04': 0, 'Document': 0}
INFO:root:New docx file saved to C:\Users\hwn6193\OneDrive - Takeda_N-e-W_\0.12 AAV Platform Time Capsule\02. Method History Files\AUC\RPT-007604_AUC_pDNA_Isoforms\DFM11885\DFM11885 - datafile.docx
INFO:root:
Processing C:/Users/hwn6193/OneDrive - Takeda\0.12 AAV Platform Time Capsule\02. Method History Files\AUC\RPT-007604_AUC_pDNA_Isoforms\DFM11885\DFM11885 - rawdata.docx...
INFO:root:Replacements:
  {' ': 0, '  ': 0, '    ': 0, '     ': 0, 'AAV8-B.00': 0, 'AAV8-A.00': 10, 'AAV8-B2.00': 1, 'AAV8-B2.01': 0, 'AAV9-N.00': 0, 'AAV3b-V.00': 1, 'AAV8-A2.00': 0, 'AAV6-CT.00': 0, 'AAV8-R.00': 0, 'AAV8-R.01': 0, 'AAV8.PV27-B2.00': 0, 'AAV5-B2.01': 0, 'AAV9.C5-X.P12': 0, 'AAV9.C5-X.P13': 0, 'AAV9.C5-X.P9': 0, 'AAV9.C5-X.P2': 0, 'AAV9-X.P9': 0, 'AAV9-Y.00': 0, 'AAV9-Y.01': 0, 'AAV9-Y.02': 0, 'AAV9-Y.03': 0, 'AAV8-Y.00': 0, 'AAV9-P.00': 0, 'AAV9-P.01': 0, 'AAV9-E.00': 0, 'AAV6-E.00': 0, 'AAVX-E.00': 0, 'AAV.KiT4-E.00': 0, 'AAV9-E.01': 0, 'AAV9-R2.00': 0, 'AAV9-R2.01': 0, 'AAV9-R2.02': 0, 'AAV9-R2.03': 0, 'AAV9-R2.04': 0, 'Document': 0}
INFO:root:New docx file saved to C:\Users\hwn6193\OneDrive - Takeda_N-e-W_\0.12 AAV Platform Time Capsule\02. Method History Files\AUC\RPT-007604_AUC_pDNA_Isoforms\DFM11885\DFM11885 - rawdata.docx
INFO:root:
Processing C:/Users/hwn6193/OneDrive - Takeda\0.12 AAV Platform Time Capsule\02. Method History Files\AUC\RPT_007607_AUC_AAV_Populations\Analysis of virus populations via AUC in gene therapy products.docx...
INFO:root:Replacements:
  {' ': 0, '  ': 0, '    ': 0, '     ': 1, 'AAV8-B.00': 0, 'AAV8-A.00': 1, 'AAV8-B2.00': 0, 'AAV8-B2.01': 0, 'AAV9-N.00': 0, 'AAV3b-V.00': 0, 'AAV8-A2.00': 0, 'AAV6-CT.00': 0, 'AAV8-R.00': 0, 'AAV8-R.01': 0, 'AAV8.PV27-B2.00': 0, 'AAV5-B2.01': 0, 'AAV9.C5-X.P12': 0, 'AAV9.C5-X.P13': 0, 'AAV9.C5-X.P9': 0, 'AAV9.C5-X.P2': 0, 'AAV9-X.P9': 0, 'AAV9-Y.00': 0, 'AAV9-Y.01': 0, 'AAV9-Y.02': 0, 'AAV9-Y.03': 0, 'AAV8-Y.00': 0, 'AAV9-P.00': 0, 'AAV9-P.01': 0, 'AAV9-E.00': 0, 'AAV6-E.00': 0, 'AAVX-E.00': 0, 'AAV.KiT4-E.00': 0, 'AAV9-E.01': 0, 'AAV9-R2.00': 0, 'AAV9-R2.01': 0, 'AAV9-R2.02': 0, 'AAV9-R2.03': 0, 'AAV9-R2.04': 0, 'Document': 0}
INFO:root:New docx file saved to C:\Users\hwn6193\OneDrive - Takeda_N-e-W_\0.12 AAV Platform Time Capsule\02. Method History Files\AUC\RPT_007607_AUC_AAV_Populations\Analysis of virus populations via AUC in gene therapy products.docx
INFO:root:
Processing C:/Users/hwn6193/OneDrive - Takeda\0.12 AAV Platform Time Capsule\02. Method History Files\AUC\RPT_007607_AUC_AAV_Populations\Report for AUC assay control DP073_1916TMAE_E_FILT.docx...
INFO:root:Replacements:
  {' ': 0, '  ': 0, '    ': 4, '     ': 1, 'AAV8-B.00': 0, 'AAV8-A.00': 24, 'AAV8-B2.00': 0, 'AAV8-B2.01': 0, 'AAV9-N.00': 0, 'AAV3b-V.00': 0, 'AAV8-A2.00': 0, 'AAV6-CT.00': 0, 'AAV8-R.00': 23, 'AAV8-R.01': 0, 'AAV8.PV27-B2.00': 0, 'AAV5-B2.01': 0, 'AAV9.C5-X.P12': 0, 'AAV9.C5-X.P13': 0, 'AAV9.C5-X.P9': 0, 'AAV9.C5-X.P2': 0, 'AAV9-X.P9': 0, 'AAV9-Y.00': 0, 'AAV9-Y.01': 0, 'AAV9-Y.02': 0, 'AAV9-Y.03': 0, 'AAV8-Y.00': 0, 'AAV9-P.00': 0, 'AAV9-P.01': 0, 'AAV9-E.00': 0, 'AAV6-E.00': 0, 'AAVX-E.00': 0, 'AAV.KiT4-E.00': 0, 'AAV9-E.01': 0, 'AAV9-R2.00': 0, 'AAV9-R2.01': 0, 'AAV9-R2.02': 0, 'AAV9-R2.03': 0, 'AAV9-R2.04': 0, 'Document': 9}
INFO:root:New docx file saved to C:\Users\hwn6193\OneDrive - Takeda_N-e-W_\0.12 AAV Platform Time Capsule\02. Method History Files\AUC\RPT_007607_AUC_AAV_Populations\Report for AUC assay control DP073_1916TMAE_E_FILT.docx
INFO:root:
Processing C:/Users/hwn6193/OneDrive - Takeda\0.12 AAV Platform Time Capsule\02. Method History Files\AUC\RPT_007607_AUC_AAV_Populations\RPT_007607_Analysis of virus populations via AUC in gene therapy products.docx...
INFO:root:C:/work/doc-replace/data
INFO:root:Looking for files with extension(s): ('.doc', '.docx')...
INFO:root:
Processing C:/work/doc-replace/data\240220_AAV9-ELISA.docx...
INFO:root:Replacements:
  {' ': 0, '  ': 2, '    ': 2, '     ': 1, 'AAV8-B.00': 4, 'AAV8-A.00': 5, 'AAV8-B2.00': 0, 'AAV8-B2.01': 0, 'AAV9-N.00': 0, 'AAV3b-V.00': 0, 'AAV8-A2.00': 0, 'AAV6-CT.00': 0, 'AAV9-R2.00': 35, 'AAV8-R.00': 0, 'AAV8-R.01': 0, 'AAV8.PV27-B2.00': 0, 'AAV5-B2.01': 0, 'AAV9.C5-X.P12': 0, 'AAV9.C5-X.P13': 0, 'AAV9.C5-X.P9': 0, 'AAV9.C5-X.P2': 0, 'AAV9-X.P9': 0, 'AAV9-Y.00': 0, 'AAV9-Y.01': 0, 'AAV9-Y.02': 0, 'AAV9-Y.03': 0, 'AAV8-Y.00': 0, 'AAV9-P.00': 0, 'AAV9-P.01': 0, 'AAV9-E.00': 0, 'AAV6-E.00': 0, 'AAVX-E.00': 0, 'AAV.KiT4-E.00': 0, 'AAV9-E.01': 0, 'AAV9-R2.01': 0, 'AAV9-R2.02': 0, 'AAV9-R2.03': 0, 'AAV9-R2.04': 0, 'Document': 2, 'AAVX-YY.ZZ': 0}
INFO:root:New docx file saved to C:\work\doc-replace\data_N-e-W_\240220_AAV9-ELISA.docx
INFO:root:
Processing C:/work/doc-replace/data\DMD-212109_HEK293-HostCellProtein_ELISA.docx...
