INFO:root:c:/work/doc-replace/data
INFO:root:Looking for files with extension(s): .pptx...
INFO:root:
Processing c:/work/doc-replace/data\ppt\Takeda.pptx...
INFO:root:Replacements:
  {'confidential': 2, 'for internal use': 0, 'takeda': 24, 'private': 0, 'BAX335': 1, 'PP335': 1, 'E335': 0, 'GTFIX': 0, 'G9': 0, 'TAK-754': 1, 'TAK754': 0, 'SHP654': 1, 'SHP-654': 0, 'PP654': 1, 'BAX888': 1, 'BAX-888': 0, 'PCG8': 0, 'AV': 9, 'FVIII': 1, 'HEM A': 0, 'HEMA': 0, 'E654': 0, 'PP754': 1, 'P754': 0, 'E754': 0, 'TAK-748': 1, 'TAK748': 1, 'SHP648': 0, 'SHP-648': 0, 'FIX': 1, 'Hem B': 1, 'HemB': 0, 'Hemophilia B': 1, 'PP648': 1, 'PP748': 3, 'PPSIS': 1, 'TAK-686': 1, 'TAK686': 1, 'SHP686': 1, 'SHP-686': 0, 'Huntingtons Disease': 1, 'Huntington Disease': 0, 'HD': 1, 'PP686': 1, 'EHT2': 0, 'E686': 0, 'L686': 0, 'Venustus': 1, 'PPVen': 0, 'EVEN': 4, 'LVEN': 0, 'DP0079': 0, '2nd Gen FVIII': 0, 'TAK-709': 0, 'TAK709': 0, 'PP709': 0, 'AAV6 TRAC CD19': 0, 'PCT01': 0, 'Hunter': 2, 'TAK-073': 0, 'TAK073': 0, 'I2S': 0, 'pXL026': 0, 'PP073': 0, 'E073': 0, 'pXL029': 0, 'Sirion': 0, 'PPSI8': 0, 'PPSI5': 0, 'FXN': 0, 'C5/P12': 0, "Friedreich's Ataxia": 0, 'Frataxin': 0, 'PFX01': 0, 'PPFXN': 0, 'EFXN': 0, 'C5/P9': 0, 'PFX03': 0, 'EFX03': 0, 'PFX05': 0, 'PFX07': 0, 'C5/P2': 0, 'PFX02': 0, 'EFX02': 0, 'PFX04': 0, 'EFX04': 0, 'AAV9/P9': 0, 'PFX06': 0, 'Fabry': 1, 'TAK-028': 0, 'TAK028': 0, 'aGal': 0, 'pZL028': 0, 'PFB04': 0, 'EFB04': 0, 'pZL034': 0, 'PFB05': 0, 'pMD039': 0, 'PFB03': 0, 'EFB03': 0, 'pMD009': 0, 'PFB02': 0, 'EFB02': 0, 'pMD007': 0, 'PFB01': 0, 'GBA-PD': 0, 'Parkinson Disease': 0, 'pPD018': 0, 'pPD019': 0, 'PGB01': 0, 'Pompe AAV9': 0, 'Pompe': 0, 'Pompe AAV6': 0, 'Pompe AAVX eng.': 0, 'GAA': 0, 'pKD015': 0, 'PPO02': 0, 'EPO02': 0, 'KiT4': 0, 'PPO05': 0, 'EPO05': 0, 'pMY011': 0, 'PPO03': 0, 'Hunter 2nd Gen': 0, 'AAV9-TJ025': 0, 'PHU04': 0, 'EHU04': 0, 'AAV9-TJ026': 0, 'PHU05': 0, 'AAV9-SJ075': 0, 'PHU03': 0, 'AAV9-SJ074': 0, 'PHU02': 0, 'AAV9-SJ072': 0, 'PHU01': 0, 'SOP': 0}
INFO:root:New PPTX file saved to c:\work\doc-replace\data_N-e-W_\ppt\Takeda.pptx
INFO:root:
Processing c:/work/doc-replace/data\ppt\Ewald\Fabry_NaCl_addition_DeepDive_08Mai2023_AM.pptx...
INFO:root:Replacements:
  {'confidential': 0, 'for internal use': 0, 'takeda': 0, 'private': 0, 'BAX335': 0, 'PP335': 0, 'E335': 0, 'GTFIX': 0, 'G9': 0, 'TAK-754': 3, 'TAK754': 0, 'SHP654': 0, 'SHP-654': 0, 'PP654': 0, 'BAX888': 0, 'BAX-888': 0, 'PCG8': 0, 'AV': 4, 'FVIII': 1, 'HEM A': 0, 'HEMA': 0, 'E654': 0, 'PP754': 0, 'P754': 0, 'E754': 0, 'TAK-748': 0, 'TAK748': 0, 'SHP648': 0, 'SHP-648': 0, 'FIX': 0, 'Hem B': 0, 'HemB': 0, 'Hemophilia B': 0, 'PP648': 0, 'PP748': 0, 'PPSIS': 0, 'TAK-686': 0, 'TAK686': 0, 'SHP686': 0, 'SHP-686': 0, 'Huntingtons Disease': 0, 'Huntington Disease': 0, 'HD': 0, 'PP686': 0, 'EHT2': 0, 'E686': 0, 'L686': 0, 'Venustus': 0, 'PPVen': 0, 'EVEN': 0, 'LVEN': 0, 'DP0079': 0, '2nd Gen FVIII': 0, 'TAK-709': 0, 'TAK709': 0, 'PP709': 0, 'AAV6 TRAC CD19': 0, 'PCT01': 0, 'Hunter': 0, 'TAK-073': 0, 'TAK073': 0, 'I2S': 0, 'pXL026': 0, 'PP073': 0, 'E073': 0, 'pXL029': 0, 'Sirion': 0, 'PPSI8': 0, 'PPSI5': 0, 'FXN': 0, 'C5/P12': 0, "Friedreich's Ataxia": 0, 'Frataxin': 0, 'PFX01': 0, 'PPFXN': 0, 'EFXN': 0, 'C5/P9': 0, 'PFX03': 0, 'EFX03': 0, 'PFX05': 0, 'PFX07': 0, 'C5/P2': 0, 'PFX02': 0, 'EFX02': 0, 'PFX04': 0, 'EFX04': 0, 'AAV9/P9': 0, 'PFX06': 0, 'Fabry': 2, 'TAK-028': 1, 'TAK028': 0, 'aGal': 0, 'pZL028': 0, 'PFB04': 44, 'EFB04': 0, 'pZL034': 0, 'PFB05': 0, 'pMD039': 0, 'PFB03': 0, 'EFB03': 0, 'pMD009': 0, 'PFB02': 0, 'EFB02': 0, 'pMD007': 0, 'PFB01': 0, 'GBA-PD': 0, 'Parkinson Disease': 0, 'pPD018': 0, 'pPD019': 0, 'PGB01': 0, 'Pompe AAV9': 0, 'Pompe': 0, 'Pompe AAV6': 0, 'Pompe AAVX eng.': 0, 'GAA': 0, 'pKD015': 0, 'PPO02': 0, 'EPO02': 0, 'KiT4': 0, 'PPO05': 0, 'EPO05': 0, 'pMY011': 0, 'PPO03': 0, 'Hunter 2nd Gen': 0, 'AAV9-TJ025': 0, 'PHU04': 0, 'EHU04': 0, 'AAV9-TJ026': 0, 'PHU05': 0, 'AAV9-SJ075': 0, 'PHU03': 0, 'AAV9-SJ074': 0, 'PHU02': 0, 'AAV9-SJ072': 0, 'PHU01': 0, 'SOP': 0}
INFO:root:New PPTX file saved to c:\work\doc-replace\data_N-e-W_\ppt\Ewald\Fabry_NaCl_addition_DeepDive_08Mai2023_AM.pptx
INFO:root:c:/work/doc-replace/data
INFO:root:Looking for files with extension(s): .pptx...
INFO:root:
Processing c:/work/doc-replace/data\ppt\Takeda.pptx...
INFO:root:Element is not a child of this node.
INFO:root:Failed! c:/work/doc-replace/data\ppt\Takeda.pptx...
INFO:root:
Processing c:/work/doc-replace/data\ppt\Ewald\Fabry_NaCl_addition_DeepDive_08Mai2023_AM.pptx...
INFO:root:Element is not a child of this node.
INFO:root:Failed! c:/work/doc-replace/data\ppt\Ewald\Fabry_NaCl_addition_DeepDive_08Mai2023_AM.pptx...
INFO:root:c:/work/doc-replace/data
INFO:root:Looking for files with extension(s): .pptx...
INFO:root:
Processing c:/work/doc-replace/data\ppt\Takeda.pptx...
INFO:root:'SlidePlaceholder' object has no attribute 'plaholders'
INFO:root:Failed! c:/work/doc-replace/data\ppt\Takeda.pptx...
INFO:root:
Processing c:/work/doc-replace/data\ppt\Ewald\Fabry_NaCl_addition_DeepDive_08Mai2023_AM.pptx...
INFO:root:'SlidePlaceholder' object has no attribute 'plaholders'
INFO:root:Failed! c:/work/doc-replace/data\ppt\Ewald\Fabry_NaCl_addition_DeepDive_08Mai2023_AM.pptx...
INFO:root:c:/work/doc-replace/data
INFO:root:Looking for files with extension(s): .pptx...
INFO:root:
Processing c:/work/doc-replace/data\ppt\Takeda.pptx...
INFO:root:c:/work/doc-replace/data
INFO:root:Looking for files with extension(s): .pptx...
INFO:root:
Processing c:/work/doc-replace/data\ppt\Takeda.pptx...
INFO:root:c:/work/doc-replace/data
INFO:root:Looking for files with extension(s): .pptx...
INFO:root:
Processing c:/work/doc-replace/data\ppt\Takeda.pptx...
INFO:root:Replacements:
  {'confidential': 2, 'for internal use': 0, 'takeda': 24, 'private': 0, 'BAX335': 1, 'PP335': 1, 'E335': 0, 'GTFIX': 0, 'G9': 0, 'TAK-754': 1, 'TAK754': 0, 'SHP654': 1, 'SHP-654': 0, 'PP654': 1, 'BAX888': 1, 'BAX-888': 0, 'PCG8': 0, 'AV': 9, 'FVIII': 1, 'HEM A': 0, 'HEMA': 0, 'E654': 0, 'PP754': 1, 'P754': 0, 'E754': 0, 'TAK-748': 1, 'TAK748': 1, 'SHP648': 0, 'SHP-648': 0, 'FIX': 1, 'Hem B': 1, 'HemB': 0, 'Hemophilia B': 1, 'PP648': 1, 'PP748': 3, 'PPSIS': 1, 'TAK-686': 1, 'TAK686': 1, 'SHP686': 1, 'SHP-686': 0, 'Huntingtons Disease': 1, 'Huntington Disease': 0, 'HD': 1, 'PP686': 1, 'EHT2': 0, 'E686': 0, 'L686': 0, 'Venustus': 1, 'PPVen': 0, 'EVEN': 4, 'LVEN': 0, 'DP0079': 0, '2nd Gen FVIII': 0, 'TAK-709': 0, 'TAK709': 0, 'PP709': 0, 'AAV6 TRAC CD19': 0, 'PCT01': 0, 'Hunter': 2, 'TAK-073': 0, 'TAK073': 0, 'I2S': 0, 'pXL026': 0, 'PP073': 0, 'E073': 0, 'pXL029': 0, 'Sirion': 0, 'PPSI8': 0, 'PPSI5': 0, 'FXN': 0, 'C5/P12': 0, "Friedreich's Ataxia": 0, 'Frataxin': 0, 'PFX01': 0, 'PPFXN': 0, 'EFXN': 0, 'C5/P9': 0, 'PFX03': 0, 'EFX03': 0, 'PFX05': 0, 'PFX07': 0, 'C5/P2': 0, 'PFX02': 0, 'EFX02': 0, 'PFX04': 0, 'EFX04': 0, 'AAV9/P9': 0, 'PFX06': 0, 'Fabry': 1, 'TAK-028': 0, 'TAK028': 0, 'aGal': 0, 'pZL028': 0, 'PFB04': 0, 'EFB04': 0, 'pZL034': 0, 'PFB05': 0, 'pMD039': 0, 'PFB03': 0, 'EFB03': 0, 'pMD009': 0, 'PFB02': 0, 'EFB02': 0, 'pMD007': 0, 'PFB01': 0, 'GBA-PD': 0, 'Parkinson Disease': 0, 'pPD018': 0, 'pPD019': 0, 'PGB01': 0, 'Pompe AAV9': 0, 'Pompe': 0, 'Pompe AAV6': 0, 'Pompe AAVX eng.': 0, 'GAA': 0, 'pKD015': 0, 'PPO02': 0, 'EPO02': 0, 'KiT4': 0, 'PPO05': 0, 'EPO05': 0, 'pMY011': 0, 'PPO03': 0, 'Hunter 2nd Gen': 0, 'AAV9-TJ025': 0, 'PHU04': 0, 'EHU04': 0, 'AAV9-TJ026': 0, 'PHU05': 0, 'AAV9-SJ075': 0, 'PHU03': 0, 'AAV9-SJ074': 0, 'PHU02': 0, 'AAV9-SJ072': 0, 'PHU01': 0, 'SOP': 0}
INFO:root:New PPTX file saved to c:\work\doc-replace\data_N-e-W_\ppt\Takeda.pptx
INFO:root:
Processing c:/work/doc-replace/data\ppt\Ewald\Fabry_NaCl_addition_DeepDive_08Mai2023_AM.pptx...
INFO:root:Replacements:
  {'confidential': 0, 'for internal use': 0, 'takeda': 0, 'private': 0, 'BAX335': 0, 'PP335': 0, 'E335': 0, 'GTFIX': 0, 'G9': 0, 'TAK-754': 3, 'TAK754': 0, 'SHP654': 0, 'SHP-654': 0, 'PP654': 0, 'BAX888': 0, 'BAX-888': 0, 'PCG8': 0, 'AV': 4, 'FVIII': 1, 'HEM A': 0, 'HEMA': 0, 'E654': 0, 'PP754': 0, 'P754': 0, 'E754': 0, 'TAK-748': 0, 'TAK748': 0, 'SHP648': 0, 'SHP-648': 0, 'FIX': 0, 'Hem B': 0, 'HemB': 0, 'Hemophilia B': 0, 'PP648': 0, 'PP748': 0, 'PPSIS': 0, 'TAK-686': 0, 'TAK686': 0, 'SHP686': 0, 'SHP-686': 0, 'Huntingtons Disease': 0, 'Huntington Disease': 0, 'HD': 0, 'PP686': 0, 'EHT2': 0, 'E686': 0, 'L686': 0, 'Venustus': 0, 'PPVen': 0, 'EVEN': 0, 'LVEN': 0, 'DP0079': 0, '2nd Gen FVIII': 0, 'TAK-709': 0, 'TAK709': 0, 'PP709': 0, 'AAV6 TRAC CD19': 0, 'PCT01': 0, 'Hunter': 0, 'TAK-073': 0, 'TAK073': 0, 'I2S': 0, 'pXL026': 0, 'PP073': 0, 'E073': 0, 'pXL029': 0, 'Sirion': 0, 'PPSI8': 0, 'PPSI5': 0, 'FXN': 0, 'C5/P12': 0, "Friedreich's Ataxia": 0, 'Frataxin': 0, 'PFX01': 0, 'PPFXN': 0, 'EFXN': 0, 'C5/P9': 0, 'PFX03': 0, 'EFX03': 0, 'PFX05': 0, 'PFX07': 0, 'C5/P2': 0, 'PFX02': 0, 'EFX02': 0, 'PFX04': 0, 'EFX04': 0, 'AAV9/P9': 0, 'PFX06': 0, 'Fabry': 2, 'TAK-028': 1, 'TAK028': 0, 'aGal': 0, 'pZL028': 0, 'PFB04': 44, 'EFB04': 0, 'pZL034': 0, 'PFB05': 0, 'pMD039': 0, 'PFB03': 0, 'EFB03': 0, 'pMD009': 0, 'PFB02': 0, 'EFB02': 0, 'pMD007': 0, 'PFB01': 0, 'GBA-PD': 0, 'Parkinson Disease': 0, 'pPD018': 0, 'pPD019': 0, 'PGB01': 0, 'Pompe AAV9': 0, 'Pompe': 0, 'Pompe AAV6': 0, 'Pompe AAVX eng.': 0, 'GAA': 0, 'pKD015': 0, 'PPO02': 0, 'EPO02': 0, 'KiT4': 0, 'PPO05': 0, 'EPO05': 0, 'pMY011': 0, 'PPO03': 0, 'Hunter 2nd Gen': 0, 'AAV9-TJ025': 0, 'PHU04': 0, 'EHU04': 0, 'AAV9-TJ026': 0, 'PHU05': 0, 'AAV9-SJ075': 0, 'PHU03': 0, 'AAV9-SJ074': 0, 'PHU02': 0, 'AAV9-SJ072': 0, 'PHU01': 0, 'SOP': 0}
INFO:root:New PPTX file saved to c:\work\doc-replace\data_N-e-W_\ppt\Ewald\Fabry_NaCl_addition_DeepDive_08Mai2023_AM.pptx
INFO:root:c:/work/doc-replace/data
INFO:root:Looking for files with extension(s): .pptx...
INFO:root:
Processing c:/work/doc-replace/data\ppt\Takeda.pptx...
INFO:root:c:/work/doc-replace/data
INFO:root:Looking for files with extension(s): .pptx...
INFO:root:
Processing c:/work/doc-replace/data\ppt\Takeda.pptx...
INFO:root:'Package' object has no attribute 'parts'
INFO:root:Failed! c:/work/doc-replace/data\ppt\Takeda.pptx...
INFO:root:
Processing c:/work/doc-replace/data\ppt\Ewald\Fabry_NaCl_addition_DeepDive_08Mai2023_AM.pptx...
INFO:root:'Package' object has no attribute 'parts'
INFO:root:Failed! c:/work/doc-replace/data\ppt\Ewald\Fabry_NaCl_addition_DeepDive_08Mai2023_AM.pptx...
INFO:root:c:/work/doc-replace/data
INFO:root:Looking for files with extension(s): .pptx...
INFO:root:
Processing c:/work/doc-replace/data\ppt\Takeda.pptx...
INFO:root:c:/work/doc-replace/data
INFO:root:Looking for files with extension(s): .pptx...
INFO:root:
Processing c:/work/doc-replace/data\ppt\Takeda.pptx...
INFO:root:c:/work/doc-replace/data
INFO:root:Looking for files with extension(s): .pptx...
INFO:root:
Processing c:/work/doc-replace/data\ppt\Takeda.pptx...
INFO:root:c:/work/doc-replace/data
INFO:root:Looking for files with extension(s): .pptx...
INFO:root:
Processing c:/work/doc-replace/data\ppt\Takeda.pptx...
INFO:root:Replacements:
  {'confidential': 2, 'for internal use': 0, 'takeda': 24, 'private': 0, 'BAX335': 1, 'PP335': 1, 'E335': 0, 'GTFIX': 0, 'G9': 0, 'TAK-754': 1, 'TAK754': 0, 'SHP654': 1, 'SHP-654': 0, 'PP654': 1, 'BAX888': 1, 'BAX-888': 0, 'PCG8': 0, 'AV': 9, 'FVIII': 1, 'HEM A': 0, 'HEMA': 0, 'E654': 0, 'PP754': 1, 'P754': 0, 'E754': 0, 'TAK-748': 1, 'TAK748': 1, 'SHP648': 0, 'SHP-648': 0, 'FIX': 1, 'Hem B': 1, 'HemB': 0, 'Hemophilia B': 1, 'PP648': 1, 'PP748': 3, 'PPSIS': 1, 'TAK-686': 1, 'TAK686': 1, 'SHP686': 1, 'SHP-686': 0, 'Huntingtons Disease': 1, 'Huntington Disease': 0, 'HD': 1, 'PP686': 1, 'EHT2': 0, 'E686': 0, 'L686': 0, 'Venustus': 1, 'PPVen': 0, 'EVEN': 4, 'LVEN': 0, 'DP0079': 0, '2nd Gen FVIII': 0, 'TAK-709': 0, 'TAK709': 0, 'PP709': 0, 'AAV6 TRAC CD19': 0, 'PCT01': 0, 'Hunter': 2, 'TAK-073': 0, 'TAK073': 0, 'I2S': 0, 'pXL026': 0, 'PP073': 0, 'E073': 0, 'pXL029': 0, 'Sirion': 0, 'PPSI8': 0, 'PPSI5': 0, 'FXN': 0, 'C5/P12': 0, "Friedreich's Ataxia": 0, 'Frataxin': 0, 'PFX01': 0, 'PPFXN': 0, 'EFXN': 0, 'C5/P9': 0, 'PFX03': 0, 'EFX03': 0, 'PFX05': 0, 'PFX07': 0, 'C5/P2': 0, 'PFX02': 0, 'EFX02': 0, 'PFX04': 0, 'EFX04': 0, 'AAV9/P9': 0, 'PFX06': 0, 'Fabry': 1, 'TAK-028': 0, 'TAK028': 0, 'aGal': 0, 'pZL028': 0, 'PFB04': 0, 'EFB04': 0, 'pZL034': 0, 'PFB05': 0, 'pMD039': 0, 'PFB03': 0, 'EFB03': 0, 'pMD009': 0, 'PFB02': 0, 'EFB02': 0, 'pMD007': 0, 'PFB01': 0, 'GBA-PD': 0, 'Parkinson Disease': 0, 'pPD018': 0, 'pPD019': 0, 'PGB01': 0, 'Pompe AAV9': 0, 'Pompe': 0, 'Pompe AAV6': 0, 'Pompe AAVX eng.': 0, 'GAA': 0, 'pKD015': 0, 'PPO02': 0, 'EPO02': 0, 'KiT4': 0, 'PPO05': 0, 'EPO05': 0, 'pMY011': 0, 'PPO03': 0, 'Hunter 2nd Gen': 0, 'AAV9-TJ025': 0, 'PHU04': 0, 'EHU04': 0, 'AAV9-TJ026': 0, 'PHU05': 0, 'AAV9-SJ075': 0, 'PHU03': 0, 'AAV9-SJ074': 0, 'PHU02': 0, 'AAV9-SJ072': 0, 'PHU01': 0, 'SOP': 0}
INFO:root:New PPTX file saved to c:\work\doc-replace\data_N-e-W_\ppt\Takeda.pptx
INFO:root:
Processing c:/work/doc-replace/data\ppt\Ewald\Fabry_NaCl_addition_DeepDive_08Mai2023_AM.pptx...
INFO:root:Replacements:
  {'confidential': 0, 'for internal use': 0, 'takeda': 0, 'private': 0, 'BAX335': 0, 'PP335': 0, 'E335': 0, 'GTFIX': 0, 'G9': 0, 'TAK-754': 3, 'TAK754': 0, 'SHP654': 0, 'SHP-654': 0, 'PP654': 0, 'BAX888': 0, 'BAX-888': 0, 'PCG8': 0, 'AV': 4, 'FVIII': 1, 'HEM A': 0, 'HEMA': 0, 'E654': 0, 'PP754': 0, 'P754': 0, 'E754': 0, 'TAK-748': 0, 'TAK748': 0, 'SHP648': 0, 'SHP-648': 0, 'FIX': 0, 'Hem B': 0, 'HemB': 0, 'Hemophilia B': 0, 'PP648': 0, 'PP748': 0, 'PPSIS': 0, 'TAK-686': 0, 'TAK686': 0, 'SHP686': 0, 'SHP-686': 0, 'Huntingtons Disease': 0, 'Huntington Disease': 0, 'HD': 0, 'PP686': 0, 'EHT2': 0, 'E686': 0, 'L686': 0, 'Venustus': 0, 'PPVen': 0, 'EVEN': 0, 'LVEN': 0, 'DP0079': 0, '2nd Gen FVIII': 0, 'TAK-709': 0, 'TAK709': 0, 'PP709': 0, 'AAV6 TRAC CD19': 0, 'PCT01': 0, 'Hunter': 0, 'TAK-073': 0, 'TAK073': 0, 'I2S': 0, 'pXL026': 0, 'PP073': 0, 'E073': 0, 'pXL029': 0, 'Sirion': 0, 'PPSI8': 0, 'PPSI5': 0, 'FXN': 0, 'C5/P12': 0, "Friedreich's Ataxia": 0, 'Frataxin': 0, 'PFX01': 0, 'PPFXN': 0, 'EFXN': 0, 'C5/P9': 0, 'PFX03': 0, 'EFX03': 0, 'PFX05': 0, 'PFX07': 0, 'C5/P2': 0, 'PFX02': 0, 'EFX02': 0, 'PFX04': 0, 'EFX04': 0, 'AAV9/P9': 0, 'PFX06': 0, 'Fabry': 2, 'TAK-028': 1, 'TAK028': 0, 'aGal': 0, 'pZL028': 0, 'PFB04': 44, 'EFB04': 0, 'pZL034': 0, 'PFB05': 0, 'pMD039': 0, 'PFB03': 0, 'EFB03': 0, 'pMD009': 0, 'PFB02': 0, 'EFB02': 0, 'pMD007': 0, 'PFB01': 0, 'GBA-PD': 0, 'Parkinson Disease': 0, 'pPD018': 0, 'pPD019': 0, 'PGB01': 0, 'Pompe AAV9': 0, 'Pompe': 0, 'Pompe AAV6': 0, 'Pompe AAVX eng.': 0, 'GAA': 0, 'pKD015': 0, 'PPO02': 0, 'EPO02': 0, 'KiT4': 0, 'PPO05': 0, 'EPO05': 0, 'pMY011': 0, 'PPO03': 0, 'Hunter 2nd Gen': 0, 'AAV9-TJ025': 0, 'PHU04': 0, 'EHU04': 0, 'AAV9-TJ026': 0, 'PHU05': 0, 'AAV9-SJ075': 0, 'PHU03': 0, 'AAV9-SJ074': 0, 'PHU02': 0, 'AAV9-SJ072': 0, 'PHU01': 0, 'SOP': 0}
INFO:root:New PPTX file saved to c:\work\doc-replace\data_N-e-W_\ppt\Ewald\Fabry_NaCl_addition_DeepDive_08Mai2023_AM.pptx
INFO:root:c:/work/doc-replace/data
INFO:root:Looking for files with extension(s): .pptx...
INFO:root:
Processing c:/work/doc-replace/data\ppt\Takeda.pptx...
INFO:root:Replacements:
  {'private': 0, 'confidential': 2, 'for internal use': 0, 'takeda': 24, 'BAX335': 1, 'PP335': 1, 'E335': 0, 'GTFIX': 0, 'G9': 0, 'TAK-754': 1, 'TAK754': 0, 'SHP654': 1, 'SHP-654': 0, 'PP654': 1, 'BAX888': 1, 'BAX-888': 0, 'PCG8': 0, 'AV': 9, 'FVIII': 1, 'HEM A': 0, 'HEMA': 0, 'E654': 0, 'PP754': 1, 'P754': 0, 'E754': 0, 'TAK-748': 1, 'TAK748': 1, 'SHP648': 0, 'SHP-648': 0, 'FIX': 1, 'Hem B': 1, 'HemB': 0, 'Hemophilia B': 1, 'PP648': 1, 'PP748': 3, 'PPSIS': 1, 'TAK-686': 1, 'TAK686': 1, 'SHP686': 1, 'SHP-686': 0, 'Huntingtons Disease': 1, 'Huntington Disease': 0, 'HD': 1, 'PP686': 1, 'EHT2': 0, 'E686': 0, 'L686': 0, 'Venustus': 1, 'PPVen': 0, 'EVEN': 4, 'LVEN': 0, 'DP0079': 0, '2nd Gen FVIII': 0, 'TAK-709': 0, 'TAK709': 0, 'PP709': 0, 'AAV6 TRAC CD19': 0, 'PCT01': 0, 'Hunter': 2, 'TAK-073': 0, 'TAK073': 0, 'I2S': 0, 'pXL026': 0, 'PP073': 0, 'E073': 0, 'pXL029': 0, 'Sirion': 0, 'PPSI8': 0, 'PPSI5': 0, 'FXN': 0, 'C5/P12': 0, "Friedreich's Ataxia": 0, 'Frataxin': 0, 'PFX01': 0, 'PPFXN': 0, 'EFXN': 0, 'C5/P9': 0, 'PFX03': 0, 'EFX03': 0, 'PFX05': 0, 'PFX07': 0, 'C5/P2': 0, 'PFX02': 0, 'EFX02': 0, 'PFX04': 0, 'EFX04': 0, 'AAV9/P9': 0, 'PFX06': 0, 'Fabry': 1, 'TAK-028': 0, 'TAK028': 0, 'aGal': 0, 'pZL028': 0, 'PFB04': 0, 'EFB04': 0, 'pZL034': 0, 'PFB05': 0, 'pMD039': 0, 'PFB03': 0, 'EFB03': 0, 'pMD009': 0, 'PFB02': 0, 'EFB02': 0, 'pMD007': 0, 'PFB01': 0, 'GBA-PD': 0, 'Parkinson Disease': 0, 'pPD018': 0, 'pPD019': 0, 'PGB01': 0, 'Pompe AAV9': 0, 'Pompe': 0, 'Pompe AAV6': 0, 'Pompe AAVX eng.': 0, 'GAA': 0, 'pKD015': 0, 'PPO02': 0, 'EPO02': 0, 'KiT4': 0, 'PPO05': 0, 'EPO05': 0, 'pMY011': 0, 'PPO03': 0, 'Hunter 2nd Gen': 0, 'AAV9-TJ025': 0, 'PHU04': 0, 'EHU04': 0, 'AAV9-TJ026': 0, 'PHU05': 0, 'AAV9-SJ075': 0, 'PHU03': 0, 'AAV9-SJ074': 0, 'PHU02': 0, 'AAV9-SJ072': 0, 'PHU01': 0, 'SOP': 0}
INFO:root:New PPTX file saved to c:\work\doc-replace\data_N-e-W_\ppt\Takeda.pptx
INFO:root:
Processing c:/work/doc-replace/data\ppt\Ewald\Fabry_NaCl_addition_DeepDive_08Mai2023_AM.pptx...
INFO:root:Replacements:
  {'private': 0, 'confidential': 0, 'for internal use': 0, 'takeda': 0, 'BAX335': 0, 'PP335': 0, 'E335': 0, 'GTFIX': 0, 'G9': 0, 'TAK-754': 3, 'TAK754': 0, 'SHP654': 0, 'SHP-654': 0, 'PP654': 0, 'BAX888': 0, 'BAX-888': 0, 'PCG8': 0, 'AV': 4, 'FVIII': 1, 'HEM A': 0, 'HEMA': 0, 'E654': 0, 'PP754': 0, 'P754': 0, 'E754': 0, 'TAK-748': 0, 'TAK748': 0, 'SHP648': 0, 'SHP-648': 0, 'FIX': 0, 'Hem B': 0, 'HemB': 0, 'Hemophilia B': 0, 'PP648': 0, 'PP748': 0, 'PPSIS': 0, 'TAK-686': 0, 'TAK686': 0, 'SHP686': 0, 'SHP-686': 0, 'Huntingtons Disease': 0, 'Huntington Disease': 0, 'HD': 0, 'PP686': 0, 'EHT2': 0, 'E686': 0, 'L686': 0, 'Venustus': 0, 'PPVen': 0, 'EVEN': 0, 'LVEN': 0, 'DP0079': 0, '2nd Gen FVIII': 0, 'TAK-709': 0, 'TAK709': 0, 'PP709': 0, 'AAV6 TRAC CD19': 0, 'PCT01': 0, 'Hunter': 0, 'TAK-073': 0, 'TAK073': 0, 'I2S': 0, 'pXL026': 0, 'PP073': 0, 'E073': 0, 'pXL029': 0, 'Sirion': 0, 'PPSI8': 0, 'PPSI5': 0, 'FXN': 0, 'C5/P12': 0, "Friedreich's Ataxia": 0, 'Frataxin': 0, 'PFX01': 0, 'PPFXN': 0, 'EFXN': 0, 'C5/P9': 0, 'PFX03': 0, 'EFX03': 0, 'PFX05': 0, 'PFX07': 0, 'C5/P2': 0, 'PFX02': 0, 'EFX02': 0, 'PFX04': 0, 'EFX04': 0, 'AAV9/P9': 0, 'PFX06': 0, 'Fabry': 2, 'TAK-028': 1, 'TAK028': 0, 'aGal': 0, 'pZL028': 0, 'PFB04': 44, 'EFB04': 0, 'pZL034': 0, 'PFB05': 0, 'pMD039': 0, 'PFB03': 0, 'EFB03': 0, 'pMD009': 0, 'PFB02': 0, 'EFB02': 0, 'pMD007': 0, 'PFB01': 0, 'GBA-PD': 0, 'Parkinson Disease': 0, 'pPD018': 0, 'pPD019': 0, 'PGB01': 0, 'Pompe AAV9': 0, 'Pompe': 0, 'Pompe AAV6': 0, 'Pompe AAVX eng.': 0, 'GAA': 0, 'pKD015': 0, 'PPO02': 0, 'EPO02': 0, 'KiT4': 0, 'PPO05': 0, 'EPO05': 0, 'pMY011': 0, 'PPO03': 0, 'Hunter 2nd Gen': 0, 'AAV9-TJ025': 0, 'PHU04': 0, 'EHU04': 0, 'AAV9-TJ026': 0, 'PHU05': 0, 'AAV9-SJ075': 0, 'PHU03': 0, 'AAV9-SJ074': 0, 'PHU02': 0, 'AAV9-SJ072': 0, 'PHU01': 0, 'SOP': 0}
INFO:root:New PPTX file saved to c:\work\doc-replace\data_N-e-W_\ppt\Ewald\Fabry_NaCl_addition_DeepDive_08Mai2023_AM.pptx
INFO:root:c:/work/doc-replace/data
INFO:root:Looking for files with extension(s): .pptx...
INFO:root:
Processing c:/work/doc-replace/data\ppt\Takeda.pptx...
INFO:root:Element is not a child of this node.
INFO:root:Failed!
INFO:root:c:/work/doc-replace/data
INFO:root:Looking for files with extension(s): .pptx...
INFO:root:
Processing c:/work/doc-replace/data\ppt\Takeda.pptx...
INFO:root:c:/work/doc-replace/data
INFO:root:Looking for files with extension(s): .pptx...
INFO:root:
Processing c:/work/doc-replace/data\ppt\Takeda.pptx...
INFO:root:c:/work/doc-replace/data
INFO:root:Looking for files with extension(s): .pptx...
INFO:root:
Processing c:/work/doc-replace/data\ppt\Takeda.pptx...
INFO:root:c:/work/doc-replace/data
INFO:root:Looking for files with extension(s): .pptx...
INFO:root:
Processing c:/work/doc-replace/data\ppt\Takeda.pptx...
INFO:root:c:/work/doc-replace/data
INFO:root:Looking for files with extension(s): .pptx...
INFO:root:
Processing c:/work/doc-replace/data\ppt\Takeda.pptx...
INFO:root:Replacements:
  {'private': 0, 'confidential': 2, 'for internal use': 0, 'takeda': 24, 'BAX335': 1, 'PP335': 1, 'E335': 0, 'GTFIX': 0, 'G9': 0, 'TAK-754': 1, 'TAK754': 0, 'SHP654': 1, 'SHP-654': 0, 'PP654': 1, 'BAX888': 1, 'BAX-888': 0, 'PCG8': 0, 'AV': 9, 'FVIII': 1, 'HEM A': 0, 'HEMA': 0, 'E654': 0, 'PP754': 1, 'P754': 0, 'E754': 0, 'TAK-748': 1, 'TAK748': 1, 'SHP648': 0, 'SHP-648': 0, 'FIX': 1, 'Hem B': 1, 'HemB': 0, 'Hemophilia B': 1, 'PP648': 1, 'PP748': 3, 'PPSIS': 1, 'TAK-686': 1, 'TAK686': 1, 'SHP686': 1, 'SHP-686': 0, 'Huntingtons Disease': 1, 'Huntington Disease': 0, 'HD': 1, 'PP686': 1, 'EHT2': 0, 'E686': 0, 'L686': 0, 'Venustus': 1, 'PPVen': 0, 'EVEN': 4, 'LVEN': 0, 'DP0079': 0, '2nd Gen FVIII': 0, 'TAK-709': 0, 'TAK709': 0, 'PP709': 0, 'AAV6 TRAC CD19': 0, 'PCT01': 0, 'Hunter': 2, 'TAK-073': 0, 'TAK073': 0, 'I2S': 0, 'pXL026': 0, 'PP073': 0, 'E073': 0, 'pXL029': 0, 'Sirion': 0, 'PPSI8': 0, 'PPSI5': 0, 'FXN': 0, 'C5/P12': 0, "Friedreich's Ataxia": 0, 'Frataxin': 0, 'PFX01': 0, 'PPFXN': 0, 'EFXN': 0, 'C5/P9': 0, 'PFX03': 0, 'EFX03': 0, 'PFX05': 0, 'PFX07': 0, 'C5/P2': 0, 'PFX02': 0, 'EFX02': 0, 'PFX04': 0, 'EFX04': 0, 'AAV9/P9': 0, 'PFX06': 0, 'Fabry': 1, 'TAK-028': 0, 'TAK028': 0, 'aGal': 0, 'pZL028': 0, 'PFB04': 0, 'EFB04': 0, 'pZL034': 0, 'PFB05': 0, 'pMD039': 0, 'PFB03': 0, 'EFB03': 0, 'pMD009': 0, 'PFB02': 0, 'EFB02': 0, 'pMD007': 0, 'PFB01': 0, 'GBA-PD': 0, 'Parkinson Disease': 0, 'pPD018': 0, 'pPD019': 0, 'PGB01': 0, 'Pompe AAV9': 0, 'Pompe': 0, 'Pompe AAV6': 0, 'Pompe AAVX eng.': 0, 'GAA': 0, 'pKD015': 0, 'PPO02': 0, 'EPO02': 0, 'KiT4': 0, 'PPO05': 0, 'EPO05': 0, 'pMY011': 0, 'PPO03': 0, 'Hunter 2nd Gen': 0, 'AAV9-TJ025': 0, 'PHU04': 0, 'EHU04': 0, 'AAV9-TJ026': 0, 'PHU05': 0, 'AAV9-SJ075': 0, 'PHU03': 0, 'AAV9-SJ074': 0, 'PHU02': 0, 'AAV9-SJ072': 0, 'PHU01': 0, 'SOP': 0}
INFO:root:New PPTX file saved to c:\work\doc-replace\data_N-e-W_\ppt\Takeda.pptx
INFO:root:
Processing c:/work/doc-replace/data\ppt\Ewald\Fabry_NaCl_addition_DeepDive_08Mai2023_AM.pptx...
INFO:root:Replacements:
  {'private': 0, 'confidential': 0, 'for internal use': 0, 'takeda': 0, 'BAX335': 0, 'PP335': 0, 'E335': 0, 'GTFIX': 0, 'G9': 0, 'TAK-754': 3, 'TAK754': 0, 'SHP654': 0, 'SHP-654': 0, 'PP654': 0, 'BAX888': 0, 'BAX-888': 0, 'PCG8': 0, 'AV': 4, 'FVIII': 1, 'HEM A': 0, 'HEMA': 0, 'E654': 0, 'PP754': 0, 'P754': 0, 'E754': 0, 'TAK-748': 0, 'TAK748': 0, 'SHP648': 0, 'SHP-648': 0, 'FIX': 0, 'Hem B': 0, 'HemB': 0, 'Hemophilia B': 0, 'PP648': 0, 'PP748': 0, 'PPSIS': 0, 'TAK-686': 0, 'TAK686': 0, 'SHP686': 0, 'SHP-686': 0, 'Huntingtons Disease': 0, 'Huntington Disease': 0, 'HD': 0, 'PP686': 0, 'EHT2': 0, 'E686': 0, 'L686': 0, 'Venustus': 0, 'PPVen': 0, 'EVEN': 0, 'LVEN': 0, 'DP0079': 0, '2nd Gen FVIII': 0, 'TAK-709': 0, 'TAK709': 0, 'PP709': 0, 'AAV6 TRAC CD19': 0, 'PCT01': 0, 'Hunter': 0, 'TAK-073': 0, 'TAK073': 0, 'I2S': 0, 'pXL026': 0, 'PP073': 0, 'E073': 0, 'pXL029': 0, 'Sirion': 0, 'PPSI8': 0, 'PPSI5': 0, 'FXN': 0, 'C5/P12': 0, "Friedreich's Ataxia": 0, 'Frataxin': 0, 'PFX01': 0, 'PPFXN': 0, 'EFXN': 0, 'C5/P9': 0, 'PFX03': 0, 'EFX03': 0, 'PFX05': 0, 'PFX07': 0, 'C5/P2': 0, 'PFX02': 0, 'EFX02': 0, 'PFX04': 0, 'EFX04': 0, 'AAV9/P9': 0, 'PFX06': 0, 'Fabry': 2, 'TAK-028': 1, 'TAK028': 0, 'aGal': 0, 'pZL028': 0, 'PFB04': 44, 'EFB04': 0, 'pZL034': 0, 'PFB05': 0, 'pMD039': 0, 'PFB03': 0, 'EFB03': 0, 'pMD009': 0, 'PFB02': 0, 'EFB02': 0, 'pMD007': 0, 'PFB01': 0, 'GBA-PD': 0, 'Parkinson Disease': 0, 'pPD018': 0, 'pPD019': 0, 'PGB01': 0, 'Pompe AAV9': 0, 'Pompe': 0, 'Pompe AAV6': 0, 'Pompe AAVX eng.': 0, 'GAA': 0, 'pKD015': 0, 'PPO02': 0, 'EPO02': 0, 'KiT4': 0, 'PPO05': 0, 'EPO05': 0, 'pMY011': 0, 'PPO03': 0, 'Hunter 2nd Gen': 0, 'AAV9-TJ025': 0, 'PHU04': 0, 'EHU04': 0, 'AAV9-TJ026': 0, 'PHU05': 0, 'AAV9-SJ075': 0, 'PHU03': 0, 'AAV9-SJ074': 0, 'PHU02': 0, 'AAV9-SJ072': 0, 'PHU01': 0, 'SOP': 0}
INFO:root:New PPTX file saved to c:\work\doc-replace\data_N-e-W_\ppt\Ewald\Fabry_NaCl_addition_DeepDive_08Mai2023_AM.pptx
INFO:root:c:/work/doc-replace/data
INFO:root:Looking for files with extension(s): .pptx...
INFO:root:
Processing c:/work/doc-replace/data\ppt\Takeda.pptx...
INFO:root:c:/work/doc-replace/data
INFO:root:Looking for files with extension(s): .pptx...
INFO:root:
Processing c:/work/doc-replace/data\ppt\Takeda.pptx...
INFO:root:c:/work/doc-replace/data
INFO:root:Looking for files with extension(s): .pptx...
INFO:root:
Processing c:/work/doc-replace/data\ppt\Takeda.pptx...
INFO:root:c:/work/doc-replace/data
INFO:root:Looking for files with extension(s): .pptx...
INFO:root:
Processing c:/work/doc-replace/data\ppt\Takeda.pptx...
INFO:root:c:/work/doc-replace/data
INFO:root:Looking for files with extension(s): .pptx...
INFO:root:
Processing c:/work/doc-replace/data\ppt\Takeda.pptx...
INFO:root:c:/work/doc-replace/data
INFO:root:Looking for files with extension(s): .pptx...
INFO:root:
Processing c:/work/doc-replace/data\ppt\Takeda.pptx...
INFO:root:c:/work/doc-replace/data
INFO:root:Looking for files with extension(s): .pptx...
INFO:root:
Processing c:/work/doc-replace/data\ppt\Takeda.pptx...
INFO:root:Replacements:
  {'private': 0, 'confidential': 2, 'for internal use': 0, 'takeda': 24, 'BAX335': 1, 'PP335': 1, 'E335': 0, 'GTFIX': 0, 'G9': 0, 'TAK-754': 1, 'TAK754': 0, 'SHP654': 1, 'SHP-654': 0, 'PP654': 1, 'BAX888': 1, 'BAX-888': 0, 'PCG8': 0, 'AV': 9, 'FVIII': 1, 'HEM A': 0, 'HEMA': 0, 'E654': 0, 'PP754': 1, 'P754': 0, 'E754': 0, 'TAK-748': 1, 'TAK748': 1, 'SHP648': 0, 'SHP-648': 0, 'FIX': 1, 'Hem B': 1, 'HemB': 0, 'Hemophilia B': 1, 'PP648': 1, 'PP748': 3, 'PPSIS': 1, 'TAK-686': 1, 'TAK686': 1, 'SHP686': 1, 'SHP-686': 0, 'Huntingtons Disease': 1, 'Huntington Disease': 0, 'HD': 1, 'PP686': 1, 'EHT2': 0, 'E686': 0, 'L686': 0, 'Venustus': 1, 'PPVen': 0, 'EVEN': 4, 'LVEN': 0, 'DP0079': 0, '2nd Gen FVIII': 0, 'TAK-709': 0, 'TAK709': 0, 'PP709': 0, 'AAV6 TRAC CD19': 0, 'PCT01': 0, 'Hunter': 2, 'TAK-073': 0, 'TAK073': 0, 'I2S': 0, 'pXL026': 0, 'PP073': 0, 'E073': 0, 'pXL029': 0, 'Sirion': 0, 'PPSI8': 0, 'PPSI5': 0, 'FXN': 0, 'C5/P12': 0, "Friedreich's Ataxia": 0, 'Frataxin': 0, 'PFX01': 0, 'PPFXN': 0, 'EFXN': 0, 'C5/P9': 0, 'PFX03': 0, 'EFX03': 0, 'PFX05': 0, 'PFX07': 0, 'C5/P2': 0, 'PFX02': 0, 'EFX02': 0, 'PFX04': 0, 'EFX04': 0, 'AAV9/P9': 0, 'PFX06': 0, 'Fabry': 1, 'TAK-028': 0, 'TAK028': 0, 'aGal': 0, 'pZL028': 0, 'PFB04': 0, 'EFB04': 0, 'pZL034': 0, 'PFB05': 0, 'pMD039': 0, 'PFB03': 0, 'EFB03': 0, 'pMD009': 0, 'PFB02': 0, 'EFB02': 0, 'pMD007': 0, 'PFB01': 0, 'GBA-PD': 0, 'Parkinson Disease': 0, 'pPD018': 0, 'pPD019': 0, 'PGB01': 0, 'Pompe AAV9': 0, 'Pompe': 0, 'Pompe AAV6': 0, 'Pompe AAVX eng.': 0, 'GAA': 0, 'pKD015': 0, 'PPO02': 0, 'EPO02': 0, 'KiT4': 0, 'PPO05': 0, 'EPO05': 0, 'pMY011': 0, 'PPO03': 0, 'Hunter 2nd Gen': 0, 'AAV9-TJ025': 0, 'PHU04': 0, 'EHU04': 0, 'AAV9-TJ026': 0, 'PHU05': 0, 'AAV9-SJ075': 0, 'PHU03': 0, 'AAV9-SJ074': 0, 'PHU02': 0, 'AAV9-SJ072': 0, 'PHU01': 0, 'SOP': 0}
INFO:root:New PPTX file saved to c:\work\doc-replace\data_N-e-W_\ppt\Takeda.pptx
INFO:root:
Processing c:/work/doc-replace/data\ppt\Ewald\Fabry_NaCl_addition_DeepDive_08Mai2023_AM.pptx...
INFO:root:Replacements:
  {'private': 0, 'confidential': 0, 'for internal use': 0, 'takeda': 0, 'BAX335': 0, 'PP335': 0, 'E335': 0, 'GTFIX': 0, 'G9': 0, 'TAK-754': 3, 'TAK754': 0, 'SHP654': 0, 'SHP-654': 0, 'PP654': 0, 'BAX888': 0, 'BAX-888': 0, 'PCG8': 0, 'AV': 4, 'FVIII': 1, 'HEM A': 0, 'HEMA': 0, 'E654': 0, 'PP754': 0, 'P754': 0, 'E754': 0, 'TAK-748': 0, 'TAK748': 0, 'SHP648': 0, 'SHP-648': 0, 'FIX': 0, 'Hem B': 0, 'HemB': 0, 'Hemophilia B': 0, 'PP648': 0, 'PP748': 0, 'PPSIS': 0, 'TAK-686': 0, 'TAK686': 0, 'SHP686': 0, 'SHP-686': 0, 'Huntingtons Disease': 0, 'Huntington Disease': 0, 'HD': 0, 'PP686': 0, 'EHT2': 0, 'E686': 0, 'L686': 0, 'Venustus': 0, 'PPVen': 0, 'EVEN': 0, 'LVEN': 0, 'DP0079': 0, '2nd Gen FVIII': 0, 'TAK-709': 0, 'TAK709': 0, 'PP709': 0, 'AAV6 TRAC CD19': 0, 'PCT01': 0, 'Hunter': 0, 'TAK-073': 0, 'TAK073': 0, 'I2S': 0, 'pXL026': 0, 'PP073': 0, 'E073': 0, 'pXL029': 0, 'Sirion': 0, 'PPSI8': 0, 'PPSI5': 0, 'FXN': 0, 'C5/P12': 0, "Friedreich's Ataxia": 0, 'Frataxin': 0, 'PFX01': 0, 'PPFXN': 0, 'EFXN': 0, 'C5/P9': 0, 'PFX03': 0, 'EFX03': 0, 'PFX05': 0, 'PFX07': 0, 'C5/P2': 0, 'PFX02': 0, 'EFX02': 0, 'PFX04': 0, 'EFX04': 0, 'AAV9/P9': 0, 'PFX06': 0, 'Fabry': 2, 'TAK-028': 1, 'TAK028': 0, 'aGal': 0, 'pZL028': 0, 'PFB04': 44, 'EFB04': 0, 'pZL034': 0, 'PFB05': 0, 'pMD039': 0, 'PFB03': 0, 'EFB03': 0, 'pMD009': 0, 'PFB02': 0, 'EFB02': 0, 'pMD007': 0, 'PFB01': 0, 'GBA-PD': 0, 'Parkinson Disease': 0, 'pPD018': 0, 'pPD019': 0, 'PGB01': 0, 'Pompe AAV9': 0, 'Pompe': 0, 'Pompe AAV6': 0, 'Pompe AAVX eng.': 0, 'GAA': 0, 'pKD015': 0, 'PPO02': 0, 'EPO02': 0, 'KiT4': 0, 'PPO05': 0, 'EPO05': 0, 'pMY011': 0, 'PPO03': 0, 'Hunter 2nd Gen': 0, 'AAV9-TJ025': 0, 'PHU04': 0, 'EHU04': 0, 'AAV9-TJ026': 0, 'PHU05': 0, 'AAV9-SJ075': 0, 'PHU03': 0, 'AAV9-SJ074': 0, 'PHU02': 0, 'AAV9-SJ072': 0, 'PHU01': 0, 'SOP': 0}
INFO:root:New PPTX file saved to c:\work\doc-replace\data_N-e-W_\ppt\Ewald\Fabry_NaCl_addition_DeepDive_08Mai2023_AM.pptx
INFO:root:c:/work/doc-replace/data
INFO:root:Looking for files with extension(s): .pptx...
INFO:root:
Processing c:/work/doc-replace/data\ppt\Takeda.pptx...
INFO:root:Replacements:
  {'private': 0, 'confidential': 2, 'for internal use': 0, 'takeda': 24, 'BAX335': 1, 'PP335': 1, 'E335': 0, 'GTFIX': 0, 'G9': 0, 'TAK-754': 1, 'TAK754': 0, 'SHP654': 1, 'SHP-654': 0, 'PP654': 1, 'BAX888': 1, 'BAX-888': 0, 'PCG8': 0, 'AV': 9, 'FVIII': 1, 'HEM A': 0, 'HEMA': 0, 'E654': 0, 'PP754': 1, 'P754': 0, 'E754': 0, 'TAK-748': 1, 'TAK748': 1, 'SHP648': 0, 'SHP-648': 0, 'FIX': 1, 'Hem B': 1, 'HemB': 0, 'Hemophilia B': 1, 'PP648': 1, 'PP748': 3, 'PPSIS': 1, 'TAK-686': 1, 'TAK686': 1, 'SHP686': 1, 'SHP-686': 0, 'Huntingtons Disease': 1, 'Huntington Disease': 0, 'HD': 1, 'PP686': 1, 'EHT2': 0, 'E686': 0, 'L686': 0, 'Venustus': 1, 'PPVen': 0, 'EVEN': 4, 'LVEN': 0, 'DP0079': 0, '2nd Gen FVIII': 0, 'TAK-709': 0, 'TAK709': 0, 'PP709': 0, 'AAV6 TRAC CD19': 0, 'PCT01': 0, 'Hunter': 2, 'TAK-073': 0, 'TAK073': 0, 'I2S': 0, 'pXL026': 0, 'PP073': 0, 'E073': 0, 'pXL029': 0, 'Sirion': 0, 'PPSI8': 0, 'PPSI5': 0, 'FXN': 0, 'C5/P12': 0, "Friedreich's Ataxia": 0, 'Frataxin': 0, 'PFX01': 0, 'PPFXN': 0, 'EFXN': 0, 'C5/P9': 0, 'PFX03': 0, 'EFX03': 0, 'PFX05': 0, 'PFX07': 0, 'C5/P2': 0, 'PFX02': 0, 'EFX02': 0, 'PFX04': 0, 'EFX04': 0, 'AAV9/P9': 0, 'PFX06': 0, 'Fabry': 1, 'TAK-028': 0, 'TAK028': 0, 'aGal': 0, 'pZL028': 0, 'PFB04': 0, 'EFB04': 0, 'pZL034': 0, 'PFB05': 0, 'pMD039': 0, 'PFB03': 0, 'EFB03': 0, 'pMD009': 0, 'PFB02': 0, 'EFB02': 0, 'pMD007': 0, 'PFB01': 0, 'GBA-PD': 0, 'Parkinson Disease': 0, 'pPD018': 0, 'pPD019': 0, 'PGB01': 0, 'Pompe AAV9': 0, 'Pompe': 0, 'Pompe AAV6': 0, 'Pompe AAVX eng.': 0, 'GAA': 0, 'pKD015': 0, 'PPO02': 0, 'EPO02': 0, 'KiT4': 0, 'PPO05': 0, 'EPO05': 0, 'pMY011': 0, 'PPO03': 0, 'Hunter 2nd Gen': 0, 'AAV9-TJ025': 0, 'PHU04': 0, 'EHU04': 0, 'AAV9-TJ026': 0, 'PHU05': 0, 'AAV9-SJ075': 0, 'PHU03': 0, 'AAV9-SJ074': 0, 'PHU02': 0, 'AAV9-SJ072': 0, 'PHU01': 0, 'SOP': 0}
INFO:root:c:/work/doc-replace/data
INFO:root:Looking for files with extension(s): .pptx...
INFO:root:
Processing c:/work/doc-replace/data\ppt\Takeda.pptx...
INFO:root:Replacements:
  {'private': 0, 'confidential': 2, 'for internal use': 0, 'takeda': 24, 'BAX335': 1, 'PP335': 1, 'E335': 0, 'GTFIX': 0, 'G9': 0, 'TAK-754': 1, 'TAK754': 0, 'SHP654': 1, 'SHP-654': 0, 'PP654': 1, 'BAX888': 1, 'BAX-888': 0, 'PCG8': 0, 'AV': 9, 'FVIII': 1, 'HEM A': 0, 'HEMA': 0, 'E654': 0, 'PP754': 1, 'P754': 0, 'E754': 0, 'TAK-748': 1, 'TAK748': 1, 'SHP648': 0, 'SHP-648': 0, 'FIX': 1, 'Hem B': 1, 'HemB': 0, 'Hemophilia B': 1, 'PP648': 1, 'PP748': 3, 'PPSIS': 1, 'TAK-686': 1, 'TAK686': 1, 'SHP686': 1, 'SHP-686': 0, 'Huntingtons Disease': 1, 'Huntington Disease': 0, 'HD': 1, 'PP686': 1, 'EHT2': 0, 'E686': 0, 'L686': 0, 'Venustus': 1, 'PPVen': 0, 'EVEN': 4, 'LVEN': 0, 'DP0079': 0, '2nd Gen FVIII': 0, 'TAK-709': 0, 'TAK709': 0, 'PP709': 0, 'AAV6 TRAC CD19': 0, 'PCT01': 0, 'Hunter': 2, 'TAK-073': 0, 'TAK073': 0, 'I2S': 0, 'pXL026': 0, 'PP073': 0, 'E073': 0, 'pXL029': 0, 'Sirion': 0, 'PPSI8': 0, 'PPSI5': 0, 'FXN': 0, 'C5/P12': 0, "Friedreich's Ataxia": 0, 'Frataxin': 0, 'PFX01': 0, 'PPFXN': 0, 'EFXN': 0, 'C5/P9': 0, 'PFX03': 0, 'EFX03': 0, 'PFX05': 0, 'PFX07': 0, 'C5/P2': 0, 'PFX02': 0, 'EFX02': 0, 'PFX04': 0, 'EFX04': 0, 'AAV9/P9': 0, 'PFX06': 0, 'Fabry': 1, 'TAK-028': 0, 'TAK028': 0, 'aGal': 0, 'pZL028': 0, 'PFB04': 0, 'EFB04': 0, 'pZL034': 0, 'PFB05': 0, 'pMD039': 0, 'PFB03': 0, 'EFB03': 0, 'pMD009': 0, 'PFB02': 0, 'EFB02': 0, 'pMD007': 0, 'PFB01': 0, 'GBA-PD': 0, 'Parkinson Disease': 0, 'pPD018': 0, 'pPD019': 0, 'PGB01': 0, 'Pompe AAV9': 0, 'Pompe': 0, 'Pompe AAV6': 0, 'Pompe AAVX eng.': 0, 'GAA': 0, 'pKD015': 0, 'PPO02': 0, 'EPO02': 0, 'KiT4': 0, 'PPO05': 0, 'EPO05': 0, 'pMY011': 0, 'PPO03': 0, 'Hunter 2nd Gen': 0, 'AAV9-TJ025': 0, 'PHU04': 0, 'EHU04': 0, 'AAV9-TJ026': 0, 'PHU05': 0, 'AAV9-SJ075': 0, 'PHU03': 0, 'AAV9-SJ074': 0, 'PHU02': 0, 'AAV9-SJ072': 0, 'PHU01': 0, 'SOP': 0}
INFO:root:New PPTX file saved to c:\work\doc-replace\data_N-e-W_\ppt\Takeda.pptx
INFO:root:
Processing c:/work/doc-replace/data\ppt\Ewald\Fabry_NaCl_addition_DeepDive_08Mai2023_AM.pptx...
INFO:root:Replacements:
  {'private': 0, 'confidential': 0, 'for internal use': 0, 'takeda': 0, 'BAX335': 0, 'PP335': 0, 'E335': 0, 'GTFIX': 0, 'G9': 0, 'TAK-754': 3, 'TAK754': 0, 'SHP654': 0, 'SHP-654': 0, 'PP654': 0, 'BAX888': 0, 'BAX-888': 0, 'PCG8': 0, 'AV': 4, 'FVIII': 1, 'HEM A': 0, 'HEMA': 0, 'E654': 0, 'PP754': 0, 'P754': 0, 'E754': 0, 'TAK-748': 0, 'TAK748': 0, 'SHP648': 0, 'SHP-648': 0, 'FIX': 0, 'Hem B': 0, 'HemB': 0, 'Hemophilia B': 0, 'PP648': 0, 'PP748': 0, 'PPSIS': 0, 'TAK-686': 0, 'TAK686': 0, 'SHP686': 0, 'SHP-686': 0, 'Huntingtons Disease': 0, 'Huntington Disease': 0, 'HD': 0, 'PP686': 0, 'EHT2': 0, 'E686': 0, 'L686': 0, 'Venustus': 0, 'PPVen': 0, 'EVEN': 0, 'LVEN': 0, 'DP0079': 0, '2nd Gen FVIII': 0, 'TAK-709': 0, 'TAK709': 0, 'PP709': 0, 'AAV6 TRAC CD19': 0, 'PCT01': 0, 'Hunter': 0, 'TAK-073': 0, 'TAK073': 0, 'I2S': 0, 'pXL026': 0, 'PP073': 0, 'E073': 0, 'pXL029': 0, 'Sirion': 0, 'PPSI8': 0, 'PPSI5': 0, 'FXN': 0, 'C5/P12': 0, "Friedreich's Ataxia": 0, 'Frataxin': 0, 'PFX01': 0, 'PPFXN': 0, 'EFXN': 0, 'C5/P9': 0, 'PFX03': 0, 'EFX03': 0, 'PFX05': 0, 'PFX07': 0, 'C5/P2': 0, 'PFX02': 0, 'EFX02': 0, 'PFX04': 0, 'EFX04': 0, 'AAV9/P9': 0, 'PFX06': 0, 'Fabry': 2, 'TAK-028': 1, 'TAK028': 0, 'aGal': 0, 'pZL028': 0, 'PFB04': 44, 'EFB04': 0, 'pZL034': 0, 'PFB05': 0, 'pMD039': 0, 'PFB03': 0, 'EFB03': 0, 'pMD009': 0, 'PFB02': 0, 'EFB02': 0, 'pMD007': 0, 'PFB01': 0, 'GBA-PD': 0, 'Parkinson Disease': 0, 'pPD018': 0, 'pPD019': 0, 'PGB01': 0, 'Pompe AAV9': 0, 'Pompe': 0, 'Pompe AAV6': 0, 'Pompe AAVX eng.': 0, 'GAA': 0, 'pKD015': 0, 'PPO02': 0, 'EPO02': 0, 'KiT4': 0, 'PPO05': 0, 'EPO05': 0, 'pMY011': 0, 'PPO03': 0, 'Hunter 2nd Gen': 0, 'AAV9-TJ025': 0, 'PHU04': 0, 'EHU04': 0, 'AAV9-TJ026': 0, 'PHU05': 0, 'AAV9-SJ075': 0, 'PHU03': 0, 'AAV9-SJ074': 0, 'PHU02': 0, 'AAV9-SJ072': 0, 'PHU01': 0, 'SOP': 0}
INFO:root:New PPTX file saved to c:\work\doc-replace\data_N-e-W_\ppt\Ewald\Fabry_NaCl_addition_DeepDive_08Mai2023_AM.pptx
INFO:root:c:/work/doc-replace/data
INFO:root:Looking for files with extension(s): .pptx...
INFO:root:
Processing c:/work/doc-replace/data\ppt\Takeda.pptx...
INFO:root:Replacements:
  {'private': 1, 'confidential': 3, 'for internal use': 0, 'takeda': 24, 'BAX335': 1, 'PP335': 1, 'E335': 0, 'GTFIX': 0, 'G9': 0, 'TAK-754': 1, 'TAK754': 0, 'SHP654': 1, 'SHP-654': 0, 'PP654': 1, 'BAX888': 1, 'BAX-888': 0, 'PCG8': 0, 'AV': 9, 'FVIII': 1, 'HEM A': 0, 'HEMA': 0, 'E654': 0, 'PP754': 1, 'P754': 0, 'E754': 0, 'TAK-748': 1, 'TAK748': 1, 'SHP648': 0, 'SHP-648': 0, 'FIX': 1, 'Hem B': 1, 'HemB': 0, 'Hemophilia B': 1, 'PP648': 1, 'PP748': 3, 'PPSIS': 1, 'TAK-686': 1, 'TAK686': 1, 'SHP686': 1, 'SHP-686': 0, 'Huntingtons Disease': 1, 'Huntington Disease': 0, 'HD': 1, 'PP686': 1, 'EHT2': 0, 'E686': 0, 'L686': 0, 'Venustus': 1, 'PPVen': 0, 'EVEN': 4, 'LVEN': 0, 'DP0079': 0, '2nd Gen FVIII': 0, 'TAK-709': 0, 'TAK709': 0, 'PP709': 0, 'AAV6 TRAC CD19': 0, 'PCT01': 0, 'Hunter': 2, 'TAK-073': 0, 'TAK073': 0, 'I2S': 0, 'pXL026': 0, 'PP073': 0, 'E073': 0, 'pXL029': 0, 'Sirion': 0, 'PPSI8': 0, 'PPSI5': 0, 'FXN': 0, 'C5/P12': 0, "Friedreich's Ataxia": 0, 'Frataxin': 0, 'PFX01': 0, 'PPFXN': 0, 'EFXN': 0, 'C5/P9': 0, 'PFX03': 0, 'EFX03': 0, 'PFX05': 0, 'PFX07': 0, 'C5/P2': 0, 'PFX02': 0, 'EFX02': 0, 'PFX04': 0, 'EFX04': 0, 'AAV9/P9': 0, 'PFX06': 0, 'Fabry': 1, 'TAK-028': 0, 'TAK028': 0, 'aGal': 0, 'pZL028': 0, 'PFB04': 0, 'EFB04': 0, 'pZL034': 0, 'PFB05': 0, 'pMD039': 0, 'PFB03': 0, 'EFB03': 0, 'pMD009': 0, 'PFB02': 0, 'EFB02': 0, 'pMD007': 0, 'PFB01': 0, 'GBA-PD': 0, 'Parkinson Disease': 0, 'pPD018': 0, 'pPD019': 0, 'PGB01': 0, 'Pompe AAV9': 0, 'Pompe': 0, 'Pompe AAV6': 0, 'Pompe AAVX eng.': 0, 'GAA': 0, 'pKD015': 0, 'PPO02': 0, 'EPO02': 0, 'KiT4': 0, 'PPO05': 0, 'EPO05': 0, 'pMY011': 0, 'PPO03': 0, 'Hunter 2nd Gen': 0, 'AAV9-TJ025': 0, 'PHU04': 0, 'EHU04': 0, 'AAV9-TJ026': 0, 'PHU05': 0, 'AAV9-SJ075': 0, 'PHU03': 0, 'AAV9-SJ074': 0, 'PHU02': 0, 'AAV9-SJ072': 0, 'PHU01': 0, 'SOP': 0}
INFO:root:New PPTX file saved to c:\work\doc-replace\data_N-e-W_\ppt\Takeda.pptx
INFO:root:
Processing c:/work/doc-replace/data\ppt\Ewald\Fabry_NaCl_addition_DeepDive_08Mai2023_AM.pptx...
INFO:root:Replacements:
  {'private': 0, 'confidential': 0, 'for internal use': 0, 'takeda': 0, 'BAX335': 0, 'PP335': 0, 'E335': 0, 'GTFIX': 0, 'G9': 0, 'TAK-754': 3, 'TAK754': 0, 'SHP654': 0, 'SHP-654': 0, 'PP654': 0, 'BAX888': 0, 'BAX-888': 0, 'PCG8': 0, 'AV': 4, 'FVIII': 1, 'HEM A': 0, 'HEMA': 0, 'E654': 0, 'PP754': 0, 'P754': 0, 'E754': 0, 'TAK-748': 0, 'TAK748': 0, 'SHP648': 0, 'SHP-648': 0, 'FIX': 0, 'Hem B': 0, 'HemB': 0, 'Hemophilia B': 0, 'PP648': 0, 'PP748': 0, 'PPSIS': 0, 'TAK-686': 0, 'TAK686': 0, 'SHP686': 0, 'SHP-686': 0, 'Huntingtons Disease': 0, 'Huntington Disease': 0, 'HD': 0, 'PP686': 0, 'EHT2': 0, 'E686': 0, 'L686': 0, 'Venustus': 0, 'PPVen': 0, 'EVEN': 0, 'LVEN': 0, 'DP0079': 0, '2nd Gen FVIII': 0, 'TAK-709': 0, 'TAK709': 0, 'PP709': 0, 'AAV6 TRAC CD19': 0, 'PCT01': 0, 'Hunter': 0, 'TAK-073': 0, 'TAK073': 0, 'I2S': 0, 'pXL026': 0, 'PP073': 0, 'E073': 0, 'pXL029': 0, 'Sirion': 0, 'PPSI8': 0, 'PPSI5': 0, 'FXN': 0, 'C5/P12': 0, "Friedreich's Ataxia": 0, 'Frataxin': 0, 'PFX01': 0, 'PPFXN': 0, 'EFXN': 0, 'C5/P9': 0, 'PFX03': 0, 'EFX03': 0, 'PFX05': 0, 'PFX07': 0, 'C5/P2': 0, 'PFX02': 0, 'EFX02': 0, 'PFX04': 0, 'EFX04': 0, 'AAV9/P9': 0, 'PFX06': 0, 'Fabry': 2, 'TAK-028': 1, 'TAK028': 0, 'aGal': 0, 'pZL028': 0, 'PFB04': 44, 'EFB04': 0, 'pZL034': 0, 'PFB05': 0, 'pMD039': 0, 'PFB03': 0, 'EFB03': 0, 'pMD009': 0, 'PFB02': 0, 'EFB02': 0, 'pMD007': 0, 'PFB01': 0, 'GBA-PD': 0, 'Parkinson Disease': 0, 'pPD018': 0, 'pPD019': 0, 'PGB01': 0, 'Pompe AAV9': 0, 'Pompe': 0, 'Pompe AAV6': 0, 'Pompe AAVX eng.': 0, 'GAA': 0, 'pKD015': 0, 'PPO02': 0, 'EPO02': 0, 'KiT4': 0, 'PPO05': 0, 'EPO05': 0, 'pMY011': 0, 'PPO03': 0, 'Hunter 2nd Gen': 0, 'AAV9-TJ025': 0, 'PHU04': 0, 'EHU04': 0, 'AAV9-TJ026': 0, 'PHU05': 0, 'AAV9-SJ075': 0, 'PHU03': 0, 'AAV9-SJ074': 0, 'PHU02': 0, 'AAV9-SJ072': 0, 'PHU01': 0, 'SOP': 0}
INFO:root:New PPTX file saved to c:\work\doc-replace\data_N-e-W_\ppt\Ewald\Fabry_NaCl_addition_DeepDive_08Mai2023_AM.pptx
INFO:root:c:/work/doc-replace/data
INFO:root:Looking for files with extension(s): .pptx...
INFO:root:
Processing c:/work/doc-replace/data\ppt\Takeda.pptx...
INFO:root:c:/work/doc-replace/data
INFO:root:Looking for files with extension(s): .pptx...
INFO:root:
Processing c:/work/doc-replace/data\ppt\Takeda.pptx...
INFO:root:c:/work/doc-replace/data
INFO:root:Looking for files with extension(s): .pptx...
INFO:root:
Processing c:/work/doc-replace/data\ppt\Takeda.pptx...
INFO:root:c:/work/doc-replace/data
INFO:root:Looking for files with extension(s): .pptx...
INFO:root:
Processing c:/work/doc-replace/data\ppt\Takeda.pptx...
INFO:root:c:/work/doc-replace/data
INFO:root:Looking for files with extension(s): .pptx...
INFO:root:
Processing c:/work/doc-replace/data\ppt\Takeda.pptx...
INFO:root:c:/work/doc-replace/data
INFO:root:Looking for files with extension(s): .pptx...
INFO:root:
Processing c:/work/doc-replace/data\ppt\Takeda.pptx...
INFO:root:c:/work/doc-replace/data
INFO:root:Looking for files with extension(s): .pptx...
INFO:root:
Processing c:/work/doc-replace/data\ppt\Takeda.pptx...
INFO:root:c:/work/doc-replace/data
INFO:root:Looking for files with extension(s): .pptx...
INFO:root:
Processing c:/work/doc-replace/data\ppt\Takeda.pptx...
INFO:root:Replacements:
  {'private': 1, 'confidential': 3, 'internal': 1, 'takeda': 24, 'BAX335': 1, 'PP335': 1, 'E335': 0, 'GTFIX': 0, 'G9': 0, 'TAK-754': 1, 'TAK754': 0, 'SHP654': 1, 'SHP-654': 0, 'PP654': 1, 'BAX888': 1, 'BAX-888': 0, 'PCG8': 0, 'AV': 9, 'FVIII': 1, 'HEM A': 0, 'HEMA': 0, 'E654': 0, 'PP754': 1, 'P754': 0, 'E754': 0, 'TAK-748': 1, 'TAK748': 1, 'SHP648': 0, 'SHP-648': 0, 'FIX': 1, 'Hem B': 1, 'HemB': 0, 'Hemophilia B': 1, 'PP648': 1, 'PP748': 3, 'PPSIS': 1, 'TAK-686': 1, 'TAK686': 1, 'SHP686': 1, 'SHP-686': 0, 'Huntingtons Disease': 1, 'Huntington Disease': 0, 'HD': 1, 'PP686': 1, 'EHT2': 0, 'E686': 0, 'L686': 0, 'Venustus': 1, 'PPVen': 0, 'EVEN': 4, 'LVEN': 0, 'DP0079': 0, '2nd Gen FVIII': 0, 'TAK-709': 0, 'TAK709': 0, 'PP709': 0, 'AAV6 TRAC CD19': 0, 'PCT01': 0, 'Hunter': 2, 'TAK-073': 0, 'TAK073': 0, 'I2S': 0, 'pXL026': 0, 'PP073': 0, 'E073': 0, 'pXL029': 0, 'Sirion': 0, 'PPSI8': 0, 'PPSI5': 0, 'FXN': 0, 'C5/P12': 0, "Friedreich's Ataxia": 0, 'Frataxin': 0, 'PFX01': 0, 'PPFXN': 0, 'EFXN': 0, 'C5/P9': 0, 'PFX03': 0, 'EFX03': 0, 'PFX05': 0, 'PFX07': 0, 'C5/P2': 0, 'PFX02': 0, 'EFX02': 0, 'PFX04': 0, 'EFX04': 0, 'AAV9/P9': 0, 'PFX06': 0, 'Fabry': 1, 'TAK-028': 0, 'TAK028': 0, 'aGal': 0, 'pZL028': 0, 'PFB04': 0, 'EFB04': 0, 'pZL034': 0, 'PFB05': 0, 'pMD039': 0, 'PFB03': 0, 'EFB03': 0, 'pMD009': 0, 'PFB02': 0, 'EFB02': 0, 'pMD007': 0, 'PFB01': 0, 'GBA-PD': 0, 'Parkinson Disease': 0, 'pPD018': 0, 'pPD019': 0, 'PGB01': 0, 'Pompe AAV9': 0, 'Pompe': 0, 'Pompe AAV6': 0, 'Pompe AAVX eng.': 0, 'GAA': 0, 'pKD015': 0, 'PPO02': 0, 'EPO02': 0, 'KiT4': 0, 'PPO05': 0, 'EPO05': 0, 'pMY011': 0, 'PPO03': 0, 'Hunter 2nd Gen': 0, 'AAV9-TJ025': 0, 'PHU04': 0, 'EHU04': 0, 'AAV9-TJ026': 0, 'PHU05': 0, 'AAV9-SJ075': 0, 'PHU03': 0, 'AAV9-SJ074': 0, 'PHU02': 0, 'AAV9-SJ072': 0, 'PHU01': 0, 'SOP': 0}
INFO:root:New PPTX file saved to c:\work\doc-replace\data_N-e-W_\ppt\Takeda.pptx
INFO:root:
Processing c:/work/doc-replace/data\ppt\Ewald\Fabry_NaCl_addition_DeepDive_08Mai2023_AM.pptx...
INFO:root:Replacements:
  {'private': 0, 'confidential': 0, 'internal': 0, 'takeda': 0, 'BAX335': 0, 'PP335': 0, 'E335': 0, 'GTFIX': 0, 'G9': 0, 'TAK-754': 3, 'TAK754': 0, 'SHP654': 0, 'SHP-654': 0, 'PP654': 0, 'BAX888': 0, 'BAX-888': 0, 'PCG8': 0, 'AV': 4, 'FVIII': 1, 'HEM A': 0, 'HEMA': 0, 'E654': 0, 'PP754': 0, 'P754': 0, 'E754': 0, 'TAK-748': 0, 'TAK748': 0, 'SHP648': 0, 'SHP-648': 0, 'FIX': 0, 'Hem B': 0, 'HemB': 0, 'Hemophilia B': 0, 'PP648': 0, 'PP748': 0, 'PPSIS': 0, 'TAK-686': 0, 'TAK686': 0, 'SHP686': 0, 'SHP-686': 0, 'Huntingtons Disease': 0, 'Huntington Disease': 0, 'HD': 0, 'PP686': 0, 'EHT2': 0, 'E686': 0, 'L686': 0, 'Venustus': 0, 'PPVen': 0, 'EVEN': 0, 'LVEN': 0, 'DP0079': 0, '2nd Gen FVIII': 0, 'TAK-709': 0, 'TAK709': 0, 'PP709': 0, 'AAV6 TRAC CD19': 0, 'PCT01': 0, 'Hunter': 0, 'TAK-073': 0, 'TAK073': 0, 'I2S': 0, 'pXL026': 0, 'PP073': 0, 'E073': 0, 'pXL029': 0, 'Sirion': 0, 'PPSI8': 0, 'PPSI5': 0, 'FXN': 0, 'C5/P12': 0, "Friedreich's Ataxia": 0, 'Frataxin': 0, 'PFX01': 0, 'PPFXN': 0, 'EFXN': 0, 'C5/P9': 0, 'PFX03': 0, 'EFX03': 0, 'PFX05': 0, 'PFX07': 0, 'C5/P2': 0, 'PFX02': 0, 'EFX02': 0, 'PFX04': 0, 'EFX04': 0, 'AAV9/P9': 0, 'PFX06': 0, 'Fabry': 2, 'TAK-028': 1, 'TAK028': 0, 'aGal': 0, 'pZL028': 0, 'PFB04': 44, 'EFB04': 0, 'pZL034': 0, 'PFB05': 0, 'pMD039': 0, 'PFB03': 0, 'EFB03': 0, 'pMD009': 0, 'PFB02': 0, 'EFB02': 0, 'pMD007': 0, 'PFB01': 0, 'GBA-PD': 0, 'Parkinson Disease': 0, 'pPD018': 0, 'pPD019': 0, 'PGB01': 0, 'Pompe AAV9': 0, 'Pompe': 0, 'Pompe AAV6': 0, 'Pompe AAVX eng.': 0, 'GAA': 0, 'pKD015': 0, 'PPO02': 0, 'EPO02': 0, 'KiT4': 0, 'PPO05': 0, 'EPO05': 0, 'pMY011': 0, 'PPO03': 0, 'Hunter 2nd Gen': 0, 'AAV9-TJ025': 0, 'PHU04': 0, 'EHU04': 0, 'AAV9-TJ026': 0, 'PHU05': 0, 'AAV9-SJ075': 0, 'PHU03': 0, 'AAV9-SJ074': 0, 'PHU02': 0, 'AAV9-SJ072': 0, 'PHU01': 0, 'SOP': 0}
INFO:root:New PPTX file saved to c:\work\doc-replace\data_N-e-W_\ppt\Ewald\Fabry_NaCl_addition_DeepDive_08Mai2023_AM.pptx
INFO:root:c:/work/doc-replace/data
INFO:root:Looking for files with extension(s): .pptx...
INFO:root:
Processing c:/work/doc-replace/data\ppt\Takeda.pptx...
INFO:root:c:/work/doc-replace/data
INFO:root:Looking for files with extension(s): .pptx...
INFO:root:
Processing c:/work/doc-replace/data\ppt\Takeda.pptx...
INFO:root:c:/work/doc-replace/data
INFO:root:Looking for files with extension(s): .pptx...
INFO:root:
Processing c:/work/doc-replace/data\ppt\Takeda.pptx...
INFO:root:c:/work/doc-replace/data
INFO:root:Looking for files with extension(s): .pptx...
INFO:root:
Processing c:/work/doc-replace/data\ppt\Takeda.pptx...
INFO:root:c:/work/doc-replace/data
INFO:root:Looking for files with extension(s): .pptx...
INFO:root:
Processing c:/work/doc-replace/data\ppt\Takeda.pptx...
INFO:root:Replacements:
  {'private': 1, 'confidential': 3, 'internal': 1, 'takeda': 24, 'BAX335': 1, 'PP335': 1, 'E335': 0, 'GTFIX': 0, 'G9': 0, 'TAK-754': 1, 'TAK754': 0, 'SHP654': 1, 'SHP-654': 0, 'PP654': 1, 'BAX888': 1, 'BAX-888': 0, 'PCG8': 0, 'AV': 9, 'FVIII': 1, 'HEM A': 0, 'HEMA': 0, 'E654': 0, 'PP754': 1, 'P754': 0, 'E754': 0, 'TAK-748': 1, 'TAK748': 1, 'SHP648': 0, 'SHP-648': 0, 'FIX': 1, 'Hem B': 1, 'HemB': 0, 'Hemophilia B': 1, 'PP648': 1, 'PP748': 3, 'PPSIS': 1, 'TAK-686': 1, 'TAK686': 1, 'SHP686': 1, 'SHP-686': 0, 'Huntingtons Disease': 1, 'Huntington Disease': 0, 'HD': 1, 'PP686': 1, 'EHT2': 0, 'E686': 0, 'L686': 0, 'Venustus': 1, 'PPVen': 0, 'EVEN': 4, 'LVEN': 0, 'DP0079': 0, '2nd Gen FVIII': 0, 'TAK-709': 0, 'TAK709': 0, 'PP709': 0, 'AAV6 TRAC CD19': 0, 'PCT01': 0, 'Hunter': 2, 'TAK-073': 0, 'TAK073': 0, 'I2S': 0, 'pXL026': 0, 'PP073': 0, 'E073': 0, 'pXL029': 0, 'Sirion': 0, 'PPSI8': 0, 'PPSI5': 0, 'FXN': 0, 'C5/P12': 0, "Friedreich's Ataxia": 0, 'Frataxin': 0, 'PFX01': 0, 'PPFXN': 0, 'EFXN': 0, 'C5/P9': 0, 'PFX03': 0, 'EFX03': 0, 'PFX05': 0, 'PFX07': 0, 'C5/P2': 0, 'PFX02': 0, 'EFX02': 0, 'PFX04': 0, 'EFX04': 0, 'AAV9/P9': 0, 'PFX06': 0, 'Fabry': 1, 'TAK-028': 0, 'TAK028': 0, 'aGal': 0, 'pZL028': 0, 'PFB04': 0, 'EFB04': 0, 'pZL034': 0, 'PFB05': 0, 'pMD039': 0, 'PFB03': 0, 'EFB03': 0, 'pMD009': 0, 'PFB02': 0, 'EFB02': 0, 'pMD007': 0, 'PFB01': 0, 'GBA-PD': 0, 'Parkinson Disease': 0, 'pPD018': 0, 'pPD019': 0, 'PGB01': 0, 'Pompe AAV9': 0, 'Pompe': 0, 'Pompe AAV6': 0, 'Pompe AAVX eng.': 0, 'GAA': 0, 'pKD015': 0, 'PPO02': 0, 'EPO02': 0, 'KiT4': 0, 'PPO05': 0, 'EPO05': 0, 'pMY011': 0, 'PPO03': 0, 'Hunter 2nd Gen': 0, 'AAV9-TJ025': 0, 'PHU04': 0, 'EHU04': 0, 'AAV9-TJ026': 0, 'PHU05': 0, 'AAV9-SJ075': 0, 'PHU03': 0, 'AAV9-SJ074': 0, 'PHU02': 0, 'AAV9-SJ072': 0, 'PHU01': 0, 'SOP': 0}
INFO:root:New PPTX file saved to c:\work\doc-replace\data_N-e-W_\ppt\Takeda.pptx
INFO:root:
Processing c:/work/doc-replace/data\ppt\Ewald\Fabry_NaCl_addition_DeepDive_08Mai2023_AM.pptx...
INFO:root:Replacements:
  {'private': 0, 'confidential': 0, 'internal': 0, 'takeda': 0, 'BAX335': 0, 'PP335': 0, 'E335': 0, 'GTFIX': 0, 'G9': 0, 'TAK-754': 3, 'TAK754': 0, 'SHP654': 0, 'SHP-654': 0, 'PP654': 0, 'BAX888': 0, 'BAX-888': 0, 'PCG8': 0, 'AV': 4, 'FVIII': 1, 'HEM A': 0, 'HEMA': 0, 'E654': 0, 'PP754': 0, 'P754': 0, 'E754': 0, 'TAK-748': 0, 'TAK748': 0, 'SHP648': 0, 'SHP-648': 0, 'FIX': 0, 'Hem B': 0, 'HemB': 0, 'Hemophilia B': 0, 'PP648': 0, 'PP748': 0, 'PPSIS': 0, 'TAK-686': 0, 'TAK686': 0, 'SHP686': 0, 'SHP-686': 0, 'Huntingtons Disease': 0, 'Huntington Disease': 0, 'HD': 0, 'PP686': 0, 'EHT2': 0, 'E686': 0, 'L686': 0, 'Venustus': 0, 'PPVen': 0, 'EVEN': 0, 'LVEN': 0, 'DP0079': 0, '2nd Gen FVIII': 0, 'TAK-709': 0, 'TAK709': 0, 'PP709': 0, 'AAV6 TRAC CD19': 0, 'PCT01': 0, 'Hunter': 0, 'TAK-073': 0, 'TAK073': 0, 'I2S': 0, 'pXL026': 0, 'PP073': 0, 'E073': 0, 'pXL029': 0, 'Sirion': 0, 'PPSI8': 0, 'PPSI5': 0, 'FXN': 0, 'C5/P12': 0, "Friedreich's Ataxia": 0, 'Frataxin': 0, 'PFX01': 0, 'PPFXN': 0, 'EFXN': 0, 'C5/P9': 0, 'PFX03': 0, 'EFX03': 0, 'PFX05': 0, 'PFX07': 0, 'C5/P2': 0, 'PFX02': 0, 'EFX02': 0, 'PFX04': 0, 'EFX04': 0, 'AAV9/P9': 0, 'PFX06': 0, 'Fabry': 2, 'TAK-028': 1, 'TAK028': 0, 'aGal': 0, 'pZL028': 0, 'PFB04': 44, 'EFB04': 0, 'pZL034': 0, 'PFB05': 0, 'pMD039': 0, 'PFB03': 0, 'EFB03': 0, 'pMD009': 0, 'PFB02': 0, 'EFB02': 0, 'pMD007': 0, 'PFB01': 0, 'GBA-PD': 0, 'Parkinson Disease': 0, 'pPD018': 0, 'pPD019': 0, 'PGB01': 0, 'Pompe AAV9': 0, 'Pompe': 0, 'Pompe AAV6': 0, 'Pompe AAVX eng.': 0, 'GAA': 0, 'pKD015': 0, 'PPO02': 0, 'EPO02': 0, 'KiT4': 0, 'PPO05': 0, 'EPO05': 0, 'pMY011': 0, 'PPO03': 0, 'Hunter 2nd Gen': 0, 'AAV9-TJ025': 0, 'PHU04': 0, 'EHU04': 0, 'AAV9-TJ026': 0, 'PHU05': 0, 'AAV9-SJ075': 0, 'PHU03': 0, 'AAV9-SJ074': 0, 'PHU02': 0, 'AAV9-SJ072': 0, 'PHU01': 0, 'SOP': 0}
INFO:root:New PPTX file saved to c:\work\doc-replace\data_N-e-W_\ppt\Ewald\Fabry_NaCl_addition_DeepDive_08Mai2023_AM.pptx
INFO:root:c:/work/doc-replace/data
INFO:root:Looking for files with extension(s): .pptx...
INFO:root:
Processing c:/work/doc-replace/data\ppt\Takeda.pptx...
INFO:root:Replacements:
  {'private': 1, 'confidential': 3, 'internal': 1, 'takeda': 24, 'BAX335': 1, 'PP335': 1, 'E335': 0, 'GTFIX': 0, 'G9': 0, 'TAK-754': 1, 'TAK754': 0, 'SHP654': 1, 'SHP-654': 0, 'PP654': 1, 'BAX888': 1, 'BAX-888': 0, 'PCG8': 0, 'AV': 9, 'FVIII': 1, 'HEM A': 0, 'HEMA': 0, 'E654': 0, 'PP754': 1, 'P754': 0, 'E754': 0, 'TAK-748': 1, 'TAK748': 1, 'SHP648': 0, 'SHP-648': 0, 'FIX': 1, 'Hem B': 1, 'HemB': 0, 'Hemophilia B': 1, 'PP648': 1, 'PP748': 3, 'PPSIS': 1, 'TAK-686': 1, 'TAK686': 1, 'SHP686': 1, 'SHP-686': 0, 'Huntingtons Disease': 1, 'Huntington Disease': 0, 'HD': 1, 'PP686': 1, 'EHT2': 0, 'E686': 0, 'L686': 0, 'Venustus': 1, 'PPVen': 0, 'EVEN': 4, 'LVEN': 0, 'DP0079': 0, '2nd Gen FVIII': 0, 'TAK-709': 0, 'TAK709': 0, 'PP709': 0, 'AAV6 TRAC CD19': 0, 'PCT01': 0, 'Hunter': 2, 'TAK-073': 0, 'TAK073': 0, 'I2S': 0, 'pXL026': 0, 'PP073': 0, 'E073': 0, 'pXL029': 0, 'Sirion': 0, 'PPSI8': 0, 'PPSI5': 0, 'FXN': 0, 'C5/P12': 0, "Friedreich's Ataxia": 0, 'Frataxin': 0, 'PFX01': 0, 'PPFXN': 0, 'EFXN': 0, 'C5/P9': 0, 'PFX03': 0, 'EFX03': 0, 'PFX05': 0, 'PFX07': 0, 'C5/P2': 0, 'PFX02': 0, 'EFX02': 0, 'PFX04': 0, 'EFX04': 0, 'AAV9/P9': 0, 'PFX06': 0, 'Fabry': 1, 'TAK-028': 0, 'TAK028': 0, 'aGal': 0, 'pZL028': 0, 'PFB04': 0, 'EFB04': 0, 'pZL034': 0, 'PFB05': 0, 'pMD039': 0, 'PFB03': 0, 'EFB03': 0, 'pMD009': 0, 'PFB02': 0, 'EFB02': 0, 'pMD007': 0, 'PFB01': 0, 'GBA-PD': 0, 'Parkinson Disease': 0, 'pPD018': 0, 'pPD019': 0, 'PGB01': 0, 'Pompe AAV9': 0, 'Pompe': 0, 'Pompe AAV6': 0, 'Pompe AAVX eng.': 0, 'GAA': 0, 'pKD015': 0, 'PPO02': 0, 'EPO02': 0, 'KiT4': 0, 'PPO05': 0, 'EPO05': 0, 'pMY011': 0, 'PPO03': 0, 'Hunter 2nd Gen': 0, 'AAV9-TJ025': 0, 'PHU04': 0, 'EHU04': 0, 'AAV9-TJ026': 0, 'PHU05': 0, 'AAV9-SJ075': 0, 'PHU03': 0, 'AAV9-SJ074': 0, 'PHU02': 0, 'AAV9-SJ072': 0, 'PHU01': 0, 'SOP': 0}
INFO:root:New PPTX file saved to c:\work\doc-replace\data_N-e-W_\ppt\Takeda.pptx
INFO:root:
Processing c:/work/doc-replace/data\ppt\Ewald\Fabry_NaCl_addition_DeepDive_08Mai2023_AM.pptx...
INFO:root:Replacements:
  {'private': 0, 'confidential': 0, 'internal': 0, 'takeda': 0, 'BAX335': 0, 'PP335': 0, 'E335': 0, 'GTFIX': 0, 'G9': 0, 'TAK-754': 3, 'TAK754': 0, 'SHP654': 0, 'SHP-654': 0, 'PP654': 0, 'BAX888': 0, 'BAX-888': 0, 'PCG8': 0, 'AV': 4, 'FVIII': 1, 'HEM A': 0, 'HEMA': 0, 'E654': 0, 'PP754': 0, 'P754': 0, 'E754': 0, 'TAK-748': 0, 'TAK748': 0, 'SHP648': 0, 'SHP-648': 0, 'FIX': 0, 'Hem B': 0, 'HemB': 0, 'Hemophilia B': 0, 'PP648': 0, 'PP748': 0, 'PPSIS': 0, 'TAK-686': 0, 'TAK686': 0, 'SHP686': 0, 'SHP-686': 0, 'Huntingtons Disease': 0, 'Huntington Disease': 0, 'HD': 0, 'PP686': 0, 'EHT2': 0, 'E686': 0, 'L686': 0, 'Venustus': 0, 'PPVen': 0, 'EVEN': 0, 'LVEN': 0, 'DP0079': 0, '2nd Gen FVIII': 0, 'TAK-709': 0, 'TAK709': 0, 'PP709': 0, 'AAV6 TRAC CD19': 0, 'PCT01': 0, 'Hunter': 0, 'TAK-073': 0, 'TAK073': 0, 'I2S': 0, 'pXL026': 0, 'PP073': 0, 'E073': 0, 'pXL029': 0, 'Sirion': 0, 'PPSI8': 0, 'PPSI5': 0, 'FXN': 0, 'C5/P12': 0, "Friedreich's Ataxia": 0, 'Frataxin': 0, 'PFX01': 0, 'PPFXN': 0, 'EFXN': 0, 'C5/P9': 0, 'PFX03': 0, 'EFX03': 0, 'PFX05': 0, 'PFX07': 0, 'C5/P2': 0, 'PFX02': 0, 'EFX02': 0, 'PFX04': 0, 'EFX04': 0, 'AAV9/P9': 0, 'PFX06': 0, 'Fabry': 2, 'TAK-028': 1, 'TAK028': 0, 'aGal': 0, 'pZL028': 0, 'PFB04': 44, 'EFB04': 0, 'pZL034': 0, 'PFB05': 0, 'pMD039': 0, 'PFB03': 0, 'EFB03': 0, 'pMD009': 0, 'PFB02': 0, 'EFB02': 0, 'pMD007': 0, 'PFB01': 0, 'GBA-PD': 0, 'Parkinson Disease': 0, 'pPD018': 0, 'pPD019': 0, 'PGB01': 0, 'Pompe AAV9': 0, 'Pompe': 0, 'Pompe AAV6': 0, 'Pompe AAVX eng.': 0, 'GAA': 0, 'pKD015': 0, 'PPO02': 0, 'EPO02': 0, 'KiT4': 0, 'PPO05': 0, 'EPO05': 0, 'pMY011': 0, 'PPO03': 0, 'Hunter 2nd Gen': 0, 'AAV9-TJ025': 0, 'PHU04': 0, 'EHU04': 0, 'AAV9-TJ026': 0, 'PHU05': 0, 'AAV9-SJ075': 0, 'PHU03': 0, 'AAV9-SJ074': 0, 'PHU02': 0, 'AAV9-SJ072': 0, 'PHU01': 0, 'SOP': 0}
INFO:root:New PPTX file saved to c:\work\doc-replace\data_N-e-W_\ppt\Ewald\Fabry_NaCl_addition_DeepDive_08Mai2023_AM.pptx
